cabal: Entering directory '/var/folders/dl/rslctfrj4xl50jnzhtlxdfqr0000gn/T/cabal-tmp-29909/abstract-deque-0.3'
Configuring abstract-deque-0.3...
Preprocessing library for abstract-deque-0.3..
Building library for abstract-deque-0.3..
[1 of 4] Compiling Data.Concurrent.Deque.Class ( Data/Concurrent/Deque/Class.hs, dist/dist-sandbox-1351b966/build/Data/Concurrent/Deque/Class.o )
[2 of 4] Compiling Data.Concurrent.Deque.Debugger ( Data/Concurrent/Deque/Debugger.hs, dist/dist-sandbox-1351b966/build/Data/Concurrent/Deque/Debugger.o )
[3 of 4] Compiling Data.Concurrent.Deque.Reference ( Data/Concurrent/Deque/Reference.hs, dist/dist-sandbox-1351b966/build/Data/Concurrent/Deque/Reference.o )

Data/Concurrent/Deque/Reference.hs:50:1: warning: [-Wtabs]
    Tab character found here.
    Please use spaces instead.
   |
50 |           return $! DQ 0 r
   | ^^^^^^^^
[4 of 4] Compiling Data.Concurrent.Deque.Reference.DequeInstance ( Data/Concurrent/Deque/Reference/DequeInstance.hs, dist/dist-sandbox-1351b966/build/Data/Concurrent/Deque/Reference/DequeInstance.o )
[1 of 4] Compiling Data.Concurrent.Deque.Class ( Data/Concurrent/Deque/Class.hs, dist/dist-sandbox-1351b966/build/Data/Concurrent/Deque/Class.p_o )
[2 of 4] Compiling Data.Concurrent.Deque.Debugger ( Data/Concurrent/Deque/Debugger.hs, dist/dist-sandbox-1351b966/build/Data/Concurrent/Deque/Debugger.p_o )
[3 of 4] Compiling Data.Concurrent.Deque.Reference ( Data/Concurrent/Deque/Reference.hs, dist/dist-sandbox-1351b966/build/Data/Concurrent/Deque/Reference.p_o )

Data/Concurrent/Deque/Reference.hs:50:1: warning: [-Wtabs]
    Tab character found here.
    Please use spaces instead.
   |
50 |           return $! DQ 0 r
   | ^^^^^^^^
[4 of 4] Compiling Data.Concurrent.Deque.Reference.DequeInstance ( Data/Concurrent/Deque/Reference/DequeInstance.hs, dist/dist-sandbox-1351b966/build/Data/Concurrent/Deque/Reference/DequeInstance.p_o )
cabal: Haddock's internal GHC version must match the configured GHC version.
The GHC version is 8.5.20180708 but haddock is using GHC version 7.10.3
Installing library in /Users/abhiroop/Haskell/polynomial/.cabal-sandbox/lib/x86_64-osx-ghc-8.5.20180708/abstract-deque-0.3-AuYT032hHKfBmd3hSThjiJ
cabal: Leaving directory '/var/folders/dl/rslctfrj4xl50jnzhtlxdfqr0000gn/T/cabal-tmp-29909/abstract-deque-0.3'
