cabal: Entering directory '/var/folders/dl/rslctfrj4xl50jnzhtlxdfqr0000gn/T/cabal-tmp-29909/abstract-par-0.3.3'
Configuring abstract-par-0.3.3...
Preprocessing library for abstract-par-0.3.3..
Building library for abstract-par-0.3.3..
[1 of 2] Compiling Control.Monad.Par.Class ( Control/Monad/Par/Class.hs, dist/dist-sandbox-1351b966/build/Control/Monad/Par/Class.o )

Control/Monad/Par/Class.hs:122:1: warning: [-Wtabs]
    Tab character found here, and in three further locations.
    Please use spaces instead.
    |
122 |                   put_ v a
    | ^^^^^^^^
[2 of 2] Compiling Control.Monad.Par.Unsafe ( Control/Monad/Par/Unsafe.hs, dist/dist-sandbox-1351b966/build/Control/Monad/Par/Unsafe.o )
[1 of 2] Compiling Control.Monad.Par.Class ( Control/Monad/Par/Class.hs, dist/dist-sandbox-1351b966/build/Control/Monad/Par/Class.p_o )

Control/Monad/Par/Class.hs:122:1: warning: [-Wtabs]
    Tab character found here, and in three further locations.
    Please use spaces instead.
    |
122 |                   put_ v a
    | ^^^^^^^^
[2 of 2] Compiling Control.Monad.Par.Unsafe ( Control/Monad/Par/Unsafe.hs, dist/dist-sandbox-1351b966/build/Control/Monad/Par/Unsafe.p_o )
cabal: Haddock's internal GHC version must match the configured GHC version.
The GHC version is 8.5.20180708 but haddock is using GHC version 7.10.3
Installing library in /Users/abhiroop/Haskell/polynomial/.cabal-sandbox/lib/x86_64-osx-ghc-8.5.20180708/abstract-par-0.3.3-7z1wBV76j58DZfmwqt1KZf
cabal: Leaving directory '/var/folders/dl/rslctfrj4xl50jnzhtlxdfqr0000gn/T/cabal-tmp-29909/abstract-par-0.3.3'
