cabal: Entering directory '/var/folders/dl/rslctfrj4xl50jnzhtlxdfqr0000gn/T/cabal-tmp-29911/base-compat-batteries-0.10.1'
Configuring base-compat-batteries-0.10.1...
Preprocessing library for base-compat-batteries-0.10.1..
Building library for base-compat-batteries-0.10.1..
[  1 of 108] Compiling Control.Concurrent.Compat ( src/Control/Concurrent/Compat.hs, dist/dist-sandbox-1351b966/build/Control/Concurrent/Compat.o )
[  2 of 108] Compiling Control.Concurrent.Compat.Repl.Batteries ( src/Control/Concurrent/Compat/Repl/Batteries.hs, dist/dist-sandbox-1351b966/build/Control/Concurrent/Compat/Repl/Batteries.o )
[  3 of 108] Compiling Control.Concurrent.MVar.Compat ( src/Control/Concurrent/MVar/Compat.hs, dist/dist-sandbox-1351b966/build/Control/Concurrent/MVar/Compat.o )
[  4 of 108] Compiling Control.Concurrent.MVar.Compat.Repl.Batteries ( src/Control/Concurrent/MVar/Compat/Repl/Batteries.hs, dist/dist-sandbox-1351b966/build/Control/Concurrent/MVar/Compat/Repl/Batteries.o )
[  5 of 108] Compiling Control.Monad.Compat ( src/Control/Monad/Compat.hs, dist/dist-sandbox-1351b966/build/Control/Monad/Compat.o )
[  6 of 108] Compiling Control.Monad.Compat.Repl.Batteries ( src/Control/Monad/Compat/Repl/Batteries.hs, dist/dist-sandbox-1351b966/build/Control/Monad/Compat/Repl/Batteries.o )
[  7 of 108] Compiling Control.Monad.Fail.Compat ( src/Control/Monad/Fail/Compat.hs, dist/dist-sandbox-1351b966/build/Control/Monad/Fail/Compat.o )
[  8 of 108] Compiling Control.Monad.Fail.Compat.Repl.Batteries ( src/Control/Monad/Fail/Compat/Repl/Batteries.hs, dist/dist-sandbox-1351b966/build/Control/Monad/Fail/Compat/Repl/Batteries.o )
[  9 of 108] Compiling Control.Monad.IO.Class.Compat ( src/Control/Monad/IO/Class/Compat.hs, dist/dist-sandbox-1351b966/build/Control/Monad/IO/Class/Compat.o )
[ 10 of 108] Compiling Control.Monad.IO.Class.Compat.Repl.Batteries ( src/Control/Monad/IO/Class/Compat/Repl/Batteries.hs, dist/dist-sandbox-1351b966/build/Control/Monad/IO/Class/Compat/Repl/Batteries.o )
[ 11 of 108] Compiling Control.Monad.ST.Lazy.Unsafe.Compat ( src/Control/Monad/ST/Lazy/Unsafe/Compat.hs, dist/dist-sandbox-1351b966/build/Control/Monad/ST/Lazy/Unsafe/Compat.o )
[ 12 of 108] Compiling Control.Monad.ST.Lazy.Unsafe.Compat.Repl.Batteries ( src/Control/Monad/ST/Lazy/Unsafe/Compat/Repl/Batteries.hs, dist/dist-sandbox-1351b966/build/Control/Monad/ST/Lazy/Unsafe/Compat/Repl/Batteries.o )
[ 13 of 108] Compiling Control.Monad.ST.Unsafe.Compat ( src/Control/Monad/ST/Unsafe/Compat.hs, dist/dist-sandbox-1351b966/build/Control/Monad/ST/Unsafe/Compat.o )
[ 14 of 108] Compiling Control.Monad.ST.Unsafe.Compat.Repl.Batteries ( src/Control/Monad/ST/Unsafe/Compat/Repl/Batteries.hs, dist/dist-sandbox-1351b966/build/Control/Monad/ST/Unsafe/Compat/Repl/Batteries.o )
[ 15 of 108] Compiling Data.Bifoldable.Compat ( src/Data/Bifoldable/Compat.hs, dist/dist-sandbox-1351b966/build/Data/Bifoldable/Compat.o )
[ 16 of 108] Compiling Data.Bifoldable.Compat.Repl.Batteries ( src/Data/Bifoldable/Compat/Repl/Batteries.hs, dist/dist-sandbox-1351b966/build/Data/Bifoldable/Compat/Repl/Batteries.o )
[ 17 of 108] Compiling Data.Bifunctor.Compat ( src/Data/Bifunctor/Compat.hs, dist/dist-sandbox-1351b966/build/Data/Bifunctor/Compat.o )
[ 18 of 108] Compiling Data.Bifunctor.Compat.Repl.Batteries ( src/Data/Bifunctor/Compat/Repl/Batteries.hs, dist/dist-sandbox-1351b966/build/Data/Bifunctor/Compat/Repl/Batteries.o )
[ 19 of 108] Compiling Data.Bitraversable.Compat ( src/Data/Bitraversable/Compat.hs, dist/dist-sandbox-1351b966/build/Data/Bitraversable/Compat.o )
[ 20 of 108] Compiling Data.Bitraversable.Compat.Repl.Batteries ( src/Data/Bitraversable/Compat/Repl/Batteries.hs, dist/dist-sandbox-1351b966/build/Data/Bitraversable/Compat/Repl/Batteries.o )
[ 21 of 108] Compiling Data.Bits.Compat ( src/Data/Bits/Compat.hs, dist/dist-sandbox-1351b966/build/Data/Bits/Compat.o )
[ 22 of 108] Compiling Data.Bits.Compat.Repl.Batteries ( src/Data/Bits/Compat/Repl/Batteries.hs, dist/dist-sandbox-1351b966/build/Data/Bits/Compat/Repl/Batteries.o )
[ 23 of 108] Compiling Data.Bool.Compat ( src/Data/Bool/Compat.hs, dist/dist-sandbox-1351b966/build/Data/Bool/Compat.o )
[ 24 of 108] Compiling Data.Bool.Compat.Repl.Batteries ( src/Data/Bool/Compat/Repl/Batteries.hs, dist/dist-sandbox-1351b966/build/Data/Bool/Compat/Repl/Batteries.o )
[ 25 of 108] Compiling Data.Complex.Compat ( src/Data/Complex/Compat.hs, dist/dist-sandbox-1351b966/build/Data/Complex/Compat.o )
[ 26 of 108] Compiling Data.Complex.Compat.Repl.Batteries ( src/Data/Complex/Compat/Repl/Batteries.hs, dist/dist-sandbox-1351b966/build/Data/Complex/Compat/Repl/Batteries.o )
[ 27 of 108] Compiling Data.Either.Compat ( src/Data/Either/Compat.hs, dist/dist-sandbox-1351b966/build/Data/Either/Compat.o )
[ 28 of 108] Compiling Data.Either.Compat.Repl.Batteries ( src/Data/Either/Compat/Repl/Batteries.hs, dist/dist-sandbox-1351b966/build/Data/Either/Compat/Repl/Batteries.o )
[ 29 of 108] Compiling Data.Foldable.Compat ( src/Data/Foldable/Compat.hs, dist/dist-sandbox-1351b966/build/Data/Foldable/Compat.o )
[ 30 of 108] Compiling Data.Foldable.Compat.Repl.Batteries ( src/Data/Foldable/Compat/Repl/Batteries.hs, dist/dist-sandbox-1351b966/build/Data/Foldable/Compat/Repl/Batteries.o )
[ 31 of 108] Compiling Data.Function.Compat ( src/Data/Function/Compat.hs, dist/dist-sandbox-1351b966/build/Data/Function/Compat.o )
[ 32 of 108] Compiling Data.Function.Compat.Repl.Batteries ( src/Data/Function/Compat/Repl/Batteries.hs, dist/dist-sandbox-1351b966/build/Data/Function/Compat/Repl/Batteries.o )
[ 33 of 108] Compiling Data.Functor.Compat ( src/Data/Functor/Compat.hs, dist/dist-sandbox-1351b966/build/Data/Functor/Compat.o )
[ 34 of 108] Compiling Data.Functor.Compat.Repl.Batteries ( src/Data/Functor/Compat/Repl/Batteries.hs, dist/dist-sandbox-1351b966/build/Data/Functor/Compat/Repl/Batteries.o )
[ 35 of 108] Compiling Data.Functor.Compose.Compat ( src/Data/Functor/Compose/Compat.hs, dist/dist-sandbox-1351b966/build/Data/Functor/Compose/Compat.o )
[ 36 of 108] Compiling Data.Functor.Compose.Compat.Repl.Batteries ( src/Data/Functor/Compose/Compat/Repl/Batteries.hs, dist/dist-sandbox-1351b966/build/Data/Functor/Compose/Compat/Repl/Batteries.o )
[ 37 of 108] Compiling Data.Functor.Const.Compat ( src/Data/Functor/Const/Compat.hs, dist/dist-sandbox-1351b966/build/Data/Functor/Const/Compat.o )
[ 38 of 108] Compiling Data.Functor.Const.Compat.Repl.Batteries ( src/Data/Functor/Const/Compat/Repl/Batteries.hs, dist/dist-sandbox-1351b966/build/Data/Functor/Const/Compat/Repl/Batteries.o )
[ 39 of 108] Compiling Data.Functor.Identity.Compat ( src/Data/Functor/Identity/Compat.hs, dist/dist-sandbox-1351b966/build/Data/Functor/Identity/Compat.o )
[ 40 of 108] Compiling Data.Functor.Identity.Compat.Repl.Batteries ( src/Data/Functor/Identity/Compat/Repl/Batteries.hs, dist/dist-sandbox-1351b966/build/Data/Functor/Identity/Compat/Repl/Batteries.o )
[ 41 of 108] Compiling Data.Functor.Product.Compat ( src/Data/Functor/Product/Compat.hs, dist/dist-sandbox-1351b966/build/Data/Functor/Product/Compat.o )
[ 42 of 108] Compiling Data.Functor.Product.Compat.Repl.Batteries ( src/Data/Functor/Product/Compat/Repl/Batteries.hs, dist/dist-sandbox-1351b966/build/Data/Functor/Product/Compat/Repl/Batteries.o )
[ 43 of 108] Compiling Data.Functor.Sum.Compat ( src/Data/Functor/Sum/Compat.hs, dist/dist-sandbox-1351b966/build/Data/Functor/Sum/Compat.o )
[ 44 of 108] Compiling Data.Functor.Sum.Compat.Repl.Batteries ( src/Data/Functor/Sum/Compat/Repl/Batteries.hs, dist/dist-sandbox-1351b966/build/Data/Functor/Sum/Compat/Repl/Batteries.o )
[ 45 of 108] Compiling Data.IORef.Compat ( src/Data/IORef/Compat.hs, dist/dist-sandbox-1351b966/build/Data/IORef/Compat.o )
[ 46 of 108] Compiling Data.IORef.Compat.Repl.Batteries ( src/Data/IORef/Compat/Repl/Batteries.hs, dist/dist-sandbox-1351b966/build/Data/IORef/Compat/Repl/Batteries.o )
[ 47 of 108] Compiling Data.List.Compat ( src/Data/List/Compat.hs, dist/dist-sandbox-1351b966/build/Data/List/Compat.o )
[ 48 of 108] Compiling Data.List.Compat.Repl.Batteries ( src/Data/List/Compat/Repl/Batteries.hs, dist/dist-sandbox-1351b966/build/Data/List/Compat/Repl/Batteries.o )
[ 49 of 108] Compiling Data.List.NonEmpty.Compat ( src/Data/List/NonEmpty/Compat.hs, dist/dist-sandbox-1351b966/build/Data/List/NonEmpty/Compat.o )
[ 50 of 108] Compiling Data.List.NonEmpty.Compat.Repl.Batteries ( src/Data/List/NonEmpty/Compat/Repl/Batteries.hs, dist/dist-sandbox-1351b966/build/Data/List/NonEmpty/Compat/Repl/Batteries.o )
[ 51 of 108] Compiling Data.Monoid.Compat ( src/Data/Monoid/Compat.hs, dist/dist-sandbox-1351b966/build/Data/Monoid/Compat.o )
[ 52 of 108] Compiling Data.Monoid.Compat.Repl.Batteries ( src/Data/Monoid/Compat/Repl/Batteries.hs, dist/dist-sandbox-1351b966/build/Data/Monoid/Compat/Repl/Batteries.o )
[ 53 of 108] Compiling Data.Proxy.Compat ( src/Data/Proxy/Compat.hs, dist/dist-sandbox-1351b966/build/Data/Proxy/Compat.o )
[ 54 of 108] Compiling Data.Proxy.Compat.Repl.Batteries ( src/Data/Proxy/Compat/Repl/Batteries.hs, dist/dist-sandbox-1351b966/build/Data/Proxy/Compat/Repl/Batteries.o )
[ 55 of 108] Compiling Data.Ratio.Compat ( src/Data/Ratio/Compat.hs, dist/dist-sandbox-1351b966/build/Data/Ratio/Compat.o )
[ 56 of 108] Compiling Data.Ratio.Compat.Repl.Batteries ( src/Data/Ratio/Compat/Repl/Batteries.hs, dist/dist-sandbox-1351b966/build/Data/Ratio/Compat/Repl/Batteries.o )
[ 57 of 108] Compiling Data.STRef.Compat ( src/Data/STRef/Compat.hs, dist/dist-sandbox-1351b966/build/Data/STRef/Compat.o )
[ 58 of 108] Compiling Data.STRef.Compat.Repl.Batteries ( src/Data/STRef/Compat/Repl/Batteries.hs, dist/dist-sandbox-1351b966/build/Data/STRef/Compat/Repl/Batteries.o )
[ 59 of 108] Compiling Data.Semigroup.Compat ( src/Data/Semigroup/Compat.hs, dist/dist-sandbox-1351b966/build/Data/Semigroup/Compat.o )
[ 60 of 108] Compiling Data.Semigroup.Compat.Repl.Batteries ( src/Data/Semigroup/Compat/Repl/Batteries.hs, dist/dist-sandbox-1351b966/build/Data/Semigroup/Compat/Repl/Batteries.o )
[ 61 of 108] Compiling Data.String.Compat ( src/Data/String/Compat.hs, dist/dist-sandbox-1351b966/build/Data/String/Compat.o )
[ 62 of 108] Compiling Data.String.Compat.Repl.Batteries ( src/Data/String/Compat/Repl/Batteries.hs, dist/dist-sandbox-1351b966/build/Data/String/Compat/Repl/Batteries.o )
[ 63 of 108] Compiling Data.Type.Coercion.Compat ( src/Data/Type/Coercion/Compat.hs, dist/dist-sandbox-1351b966/build/Data/Type/Coercion/Compat.o )
[ 64 of 108] Compiling Data.Type.Coercion.Compat.Repl.Batteries ( src/Data/Type/Coercion/Compat/Repl/Batteries.hs, dist/dist-sandbox-1351b966/build/Data/Type/Coercion/Compat/Repl/Batteries.o )
[ 65 of 108] Compiling Data.Version.Compat ( src/Data/Version/Compat.hs, dist/dist-sandbox-1351b966/build/Data/Version/Compat.o )
[ 66 of 108] Compiling Data.Version.Compat.Repl.Batteries ( src/Data/Version/Compat/Repl/Batteries.hs, dist/dist-sandbox-1351b966/build/Data/Version/Compat/Repl/Batteries.o )
[ 67 of 108] Compiling Data.Void.Compat ( src/Data/Void/Compat.hs, dist/dist-sandbox-1351b966/build/Data/Void/Compat.o )
[ 68 of 108] Compiling Data.Void.Compat.Repl.Batteries ( src/Data/Void/Compat/Repl/Batteries.hs, dist/dist-sandbox-1351b966/build/Data/Void/Compat/Repl/Batteries.o )
[ 69 of 108] Compiling Data.Word.Compat ( src/Data/Word/Compat.hs, dist/dist-sandbox-1351b966/build/Data/Word/Compat.o )
[ 70 of 108] Compiling Data.Word.Compat.Repl.Batteries ( src/Data/Word/Compat/Repl/Batteries.hs, dist/dist-sandbox-1351b966/build/Data/Word/Compat/Repl/Batteries.o )
[ 71 of 108] Compiling Debug.Trace.Compat ( src/Debug/Trace/Compat.hs, dist/dist-sandbox-1351b966/build/Debug/Trace/Compat.o )
[ 72 of 108] Compiling Debug.Trace.Compat.Repl.Batteries ( src/Debug/Trace/Compat/Repl/Batteries.hs, dist/dist-sandbox-1351b966/build/Debug/Trace/Compat/Repl/Batteries.o )
[ 73 of 108] Compiling Foreign.Compat   ( src/Foreign/Compat.hs, dist/dist-sandbox-1351b966/build/Foreign/Compat.o )
[ 74 of 108] Compiling Foreign.Compat.Repl.Batteries ( src/Foreign/Compat/Repl/Batteries.hs, dist/dist-sandbox-1351b966/build/Foreign/Compat/Repl/Batteries.o )
[ 75 of 108] Compiling Foreign.ForeignPtr.Compat ( src/Foreign/ForeignPtr/Compat.hs, dist/dist-sandbox-1351b966/build/Foreign/ForeignPtr/Compat.o )
[ 76 of 108] Compiling Foreign.ForeignPtr.Compat.Repl.Batteries ( src/Foreign/ForeignPtr/Compat/Repl/Batteries.hs, dist/dist-sandbox-1351b966/build/Foreign/ForeignPtr/Compat/Repl/Batteries.o )
[ 77 of 108] Compiling Foreign.ForeignPtr.Safe.Compat ( src/Foreign/ForeignPtr/Safe/Compat.hs, dist/dist-sandbox-1351b966/build/Foreign/ForeignPtr/Safe/Compat.o )
[ 78 of 108] Compiling Foreign.ForeignPtr.Safe.Compat.Repl.Batteries ( src/Foreign/ForeignPtr/Safe/Compat/Repl/Batteries.hs, dist/dist-sandbox-1351b966/build/Foreign/ForeignPtr/Safe/Compat/Repl/Batteries.o )
[ 79 of 108] Compiling Foreign.ForeignPtr.Unsafe.Compat ( src/Foreign/ForeignPtr/Unsafe/Compat.hs, dist/dist-sandbox-1351b966/build/Foreign/ForeignPtr/Unsafe/Compat.o )
[ 80 of 108] Compiling Foreign.ForeignPtr.Unsafe.Compat.Repl.Batteries ( src/Foreign/ForeignPtr/Unsafe/Compat/Repl/Batteries.hs, dist/dist-sandbox-1351b966/build/Foreign/ForeignPtr/Unsafe/Compat/Repl/Batteries.o )
[ 81 of 108] Compiling Foreign.Marshal.Alloc.Compat ( src/Foreign/Marshal/Alloc/Compat.hs, dist/dist-sandbox-1351b966/build/Foreign/Marshal/Alloc/Compat.o )
[ 82 of 108] Compiling Foreign.Marshal.Alloc.Compat.Repl.Batteries ( src/Foreign/Marshal/Alloc/Compat/Repl/Batteries.hs, dist/dist-sandbox-1351b966/build/Foreign/Marshal/Alloc/Compat/Repl/Batteries.o )
[ 83 of 108] Compiling Foreign.Marshal.Array.Compat ( src/Foreign/Marshal/Array/Compat.hs, dist/dist-sandbox-1351b966/build/Foreign/Marshal/Array/Compat.o )
[ 84 of 108] Compiling Foreign.Marshal.Array.Compat.Repl.Batteries ( src/Foreign/Marshal/Array/Compat/Repl/Batteries.hs, dist/dist-sandbox-1351b966/build/Foreign/Marshal/Array/Compat/Repl/Batteries.o )
[ 85 of 108] Compiling Foreign.Marshal.Compat ( src/Foreign/Marshal/Compat.hs, dist/dist-sandbox-1351b966/build/Foreign/Marshal/Compat.o )
[ 86 of 108] Compiling Foreign.Marshal.Compat.Repl.Batteries ( src/Foreign/Marshal/Compat/Repl/Batteries.hs, dist/dist-sandbox-1351b966/build/Foreign/Marshal/Compat/Repl/Batteries.o )
[ 87 of 108] Compiling Foreign.Marshal.Safe.Compat ( src/Foreign/Marshal/Safe/Compat.hs, dist/dist-sandbox-1351b966/build/Foreign/Marshal/Safe/Compat.o )
[ 88 of 108] Compiling Foreign.Marshal.Safe.Compat.Repl.Batteries ( src/Foreign/Marshal/Safe/Compat/Repl/Batteries.hs, dist/dist-sandbox-1351b966/build/Foreign/Marshal/Safe/Compat/Repl/Batteries.o )
[ 89 of 108] Compiling Foreign.Marshal.Unsafe.Compat ( src/Foreign/Marshal/Unsafe/Compat.hs, dist/dist-sandbox-1351b966/build/Foreign/Marshal/Unsafe/Compat.o )
[ 90 of 108] Compiling Foreign.Marshal.Unsafe.Compat.Repl.Batteries ( src/Foreign/Marshal/Unsafe/Compat/Repl/Batteries.hs, dist/dist-sandbox-1351b966/build/Foreign/Marshal/Unsafe/Compat/Repl/Batteries.o )
[ 91 of 108] Compiling Foreign.Marshal.Utils.Compat ( src/Foreign/Marshal/Utils/Compat.hs, dist/dist-sandbox-1351b966/build/Foreign/Marshal/Utils/Compat.o )
[ 92 of 108] Compiling Foreign.Marshal.Utils.Compat.Repl.Batteries ( src/Foreign/Marshal/Utils/Compat/Repl/Batteries.hs, dist/dist-sandbox-1351b966/build/Foreign/Marshal/Utils/Compat/Repl/Batteries.o )
[ 93 of 108] Compiling Numeric.Compat   ( src/Numeric/Compat.hs, dist/dist-sandbox-1351b966/build/Numeric/Compat.o )
[ 94 of 108] Compiling Numeric.Compat.Repl.Batteries ( src/Numeric/Compat/Repl/Batteries.hs, dist/dist-sandbox-1351b966/build/Numeric/Compat/Repl/Batteries.o )
[ 95 of 108] Compiling Numeric.Natural.Compat ( src/Numeric/Natural/Compat.hs, dist/dist-sandbox-1351b966/build/Numeric/Natural/Compat.o )
[ 96 of 108] Compiling Numeric.Natural.Compat.Repl.Batteries ( src/Numeric/Natural/Compat/Repl/Batteries.hs, dist/dist-sandbox-1351b966/build/Numeric/Natural/Compat/Repl/Batteries.o )
[ 97 of 108] Compiling Prelude.Compat   ( src/Prelude/Compat.hs, dist/dist-sandbox-1351b966/build/Prelude/Compat.o )
[ 98 of 108] Compiling Prelude.Compat.Repl.Batteries ( src/Prelude/Compat/Repl/Batteries.hs, dist/dist-sandbox-1351b966/build/Prelude/Compat/Repl/Batteries.o )
[ 99 of 108] Compiling System.Environment.Compat ( src/System/Environment/Compat.hs, dist/dist-sandbox-1351b966/build/System/Environment/Compat.o )
[100 of 108] Compiling System.Environment.Compat.Repl.Batteries ( src/System/Environment/Compat/Repl/Batteries.hs, dist/dist-sandbox-1351b966/build/System/Environment/Compat/Repl/Batteries.o )
[101 of 108] Compiling System.Exit.Compat ( src/System/Exit/Compat.hs, dist/dist-sandbox-1351b966/build/System/Exit/Compat.o )
[102 of 108] Compiling System.Exit.Compat.Repl.Batteries ( src/System/Exit/Compat/Repl/Batteries.hs, dist/dist-sandbox-1351b966/build/System/Exit/Compat/Repl/Batteries.o )
[103 of 108] Compiling System.IO.Unsafe.Compat ( src/System/IO/Unsafe/Compat.hs, dist/dist-sandbox-1351b966/build/System/IO/Unsafe/Compat.o )
[104 of 108] Compiling System.IO.Unsafe.Compat.Repl.Batteries ( src/System/IO/Unsafe/Compat/Repl/Batteries.hs, dist/dist-sandbox-1351b966/build/System/IO/Unsafe/Compat/Repl/Batteries.o )
[105 of 108] Compiling Text.Read.Compat ( src/Text/Read/Compat.hs, dist/dist-sandbox-1351b966/build/Text/Read/Compat.o )
[106 of 108] Compiling Text.Read.Compat.Repl.Batteries ( src/Text/Read/Compat/Repl/Batteries.hs, dist/dist-sandbox-1351b966/build/Text/Read/Compat/Repl/Batteries.o )
[107 of 108] Compiling Type.Reflection.Compat ( src/Type/Reflection/Compat.hs, dist/dist-sandbox-1351b966/build/Type/Reflection/Compat.o )
[108 of 108] Compiling Type.Reflection.Compat.Repl.Batteries ( src/Type/Reflection/Compat/Repl/Batteries.hs, dist/dist-sandbox-1351b966/build/Type/Reflection/Compat/Repl/Batteries.o )
[  1 of 108] Compiling Control.Concurrent.Compat ( src/Control/Concurrent/Compat.hs, dist/dist-sandbox-1351b966/build/Control/Concurrent/Compat.p_o )
[  2 of 108] Compiling Control.Concurrent.Compat.Repl.Batteries ( src/Control/Concurrent/Compat/Repl/Batteries.hs, dist/dist-sandbox-1351b966/build/Control/Concurrent/Compat/Repl/Batteries.p_o )
[  3 of 108] Compiling Control.Concurrent.MVar.Compat ( src/Control/Concurrent/MVar/Compat.hs, dist/dist-sandbox-1351b966/build/Control/Concurrent/MVar/Compat.p_o )
[  4 of 108] Compiling Control.Concurrent.MVar.Compat.Repl.Batteries ( src/Control/Concurrent/MVar/Compat/Repl/Batteries.hs, dist/dist-sandbox-1351b966/build/Control/Concurrent/MVar/Compat/Repl/Batteries.p_o )
[  5 of 108] Compiling Control.Monad.Compat ( src/Control/Monad/Compat.hs, dist/dist-sandbox-1351b966/build/Control/Monad/Compat.p_o )
[  6 of 108] Compiling Control.Monad.Compat.Repl.Batteries ( src/Control/Monad/Compat/Repl/Batteries.hs, dist/dist-sandbox-1351b966/build/Control/Monad/Compat/Repl/Batteries.p_o )
[  7 of 108] Compiling Control.Monad.Fail.Compat ( src/Control/Monad/Fail/Compat.hs, dist/dist-sandbox-1351b966/build/Control/Monad/Fail/Compat.p_o )
[  8 of 108] Compiling Control.Monad.Fail.Compat.Repl.Batteries ( src/Control/Monad/Fail/Compat/Repl/Batteries.hs, dist/dist-sandbox-1351b966/build/Control/Monad/Fail/Compat/Repl/Batteries.p_o )
[  9 of 108] Compiling Control.Monad.IO.Class.Compat ( src/Control/Monad/IO/Class/Compat.hs, dist/dist-sandbox-1351b966/build/Control/Monad/IO/Class/Compat.p_o )
[ 10 of 108] Compiling Control.Monad.IO.Class.Compat.Repl.Batteries ( src/Control/Monad/IO/Class/Compat/Repl/Batteries.hs, dist/dist-sandbox-1351b966/build/Control/Monad/IO/Class/Compat/Repl/Batteries.p_o )
[ 11 of 108] Compiling Control.Monad.ST.Lazy.Unsafe.Compat ( src/Control/Monad/ST/Lazy/Unsafe/Compat.hs, dist/dist-sandbox-1351b966/build/Control/Monad/ST/Lazy/Unsafe/Compat.p_o )
[ 12 of 108] Compiling Control.Monad.ST.Lazy.Unsafe.Compat.Repl.Batteries ( src/Control/Monad/ST/Lazy/Unsafe/Compat/Repl/Batteries.hs, dist/dist-sandbox-1351b966/build/Control/Monad/ST/Lazy/Unsafe/Compat/Repl/Batteries.p_o )
[ 13 of 108] Compiling Control.Monad.ST.Unsafe.Compat ( src/Control/Monad/ST/Unsafe/Compat.hs, dist/dist-sandbox-1351b966/build/Control/Monad/ST/Unsafe/Compat.p_o )
[ 14 of 108] Compiling Control.Monad.ST.Unsafe.Compat.Repl.Batteries ( src/Control/Monad/ST/Unsafe/Compat/Repl/Batteries.hs, dist/dist-sandbox-1351b966/build/Control/Monad/ST/Unsafe/Compat/Repl/Batteries.p_o )
[ 15 of 108] Compiling Data.Bifoldable.Compat ( src/Data/Bifoldable/Compat.hs, dist/dist-sandbox-1351b966/build/Data/Bifoldable/Compat.p_o )
[ 16 of 108] Compiling Data.Bifoldable.Compat.Repl.Batteries ( src/Data/Bifoldable/Compat/Repl/Batteries.hs, dist/dist-sandbox-1351b966/build/Data/Bifoldable/Compat/Repl/Batteries.p_o )
[ 17 of 108] Compiling Data.Bifunctor.Compat ( src/Data/Bifunctor/Compat.hs, dist/dist-sandbox-1351b966/build/Data/Bifunctor/Compat.p_o )
[ 18 of 108] Compiling Data.Bifunctor.Compat.Repl.Batteries ( src/Data/Bifunctor/Compat/Repl/Batteries.hs, dist/dist-sandbox-1351b966/build/Data/Bifunctor/Compat/Repl/Batteries.p_o )
[ 19 of 108] Compiling Data.Bitraversable.Compat ( src/Data/Bitraversable/Compat.hs, dist/dist-sandbox-1351b966/build/Data/Bitraversable/Compat.p_o )
[ 20 of 108] Compiling Data.Bitraversable.Compat.Repl.Batteries ( src/Data/Bitraversable/Compat/Repl/Batteries.hs, dist/dist-sandbox-1351b966/build/Data/Bitraversable/Compat/Repl/Batteries.p_o )
[ 21 of 108] Compiling Data.Bits.Compat ( src/Data/Bits/Compat.hs, dist/dist-sandbox-1351b966/build/Data/Bits/Compat.p_o )
[ 22 of 108] Compiling Data.Bits.Compat.Repl.Batteries ( src/Data/Bits/Compat/Repl/Batteries.hs, dist/dist-sandbox-1351b966/build/Data/Bits/Compat/Repl/Batteries.p_o )
[ 23 of 108] Compiling Data.Bool.Compat ( src/Data/Bool/Compat.hs, dist/dist-sandbox-1351b966/build/Data/Bool/Compat.p_o )
[ 24 of 108] Compiling Data.Bool.Compat.Repl.Batteries ( src/Data/Bool/Compat/Repl/Batteries.hs, dist/dist-sandbox-1351b966/build/Data/Bool/Compat/Repl/Batteries.p_o )
[ 25 of 108] Compiling Data.Complex.Compat ( src/Data/Complex/Compat.hs, dist/dist-sandbox-1351b966/build/Data/Complex/Compat.p_o )
[ 26 of 108] Compiling Data.Complex.Compat.Repl.Batteries ( src/Data/Complex/Compat/Repl/Batteries.hs, dist/dist-sandbox-1351b966/build/Data/Complex/Compat/Repl/Batteries.p_o )
[ 27 of 108] Compiling Data.Either.Compat ( src/Data/Either/Compat.hs, dist/dist-sandbox-1351b966/build/Data/Either/Compat.p_o )
[ 28 of 108] Compiling Data.Either.Compat.Repl.Batteries ( src/Data/Either/Compat/Repl/Batteries.hs, dist/dist-sandbox-1351b966/build/Data/Either/Compat/Repl/Batteries.p_o )
[ 29 of 108] Compiling Data.Foldable.Compat ( src/Data/Foldable/Compat.hs, dist/dist-sandbox-1351b966/build/Data/Foldable/Compat.p_o )
[ 30 of 108] Compiling Data.Foldable.Compat.Repl.Batteries ( src/Data/Foldable/Compat/Repl/Batteries.hs, dist/dist-sandbox-1351b966/build/Data/Foldable/Compat/Repl/Batteries.p_o )
[ 31 of 108] Compiling Data.Function.Compat ( src/Data/Function/Compat.hs, dist/dist-sandbox-1351b966/build/Data/Function/Compat.p_o )
[ 32 of 108] Compiling Data.Function.Compat.Repl.Batteries ( src/Data/Function/Compat/Repl/Batteries.hs, dist/dist-sandbox-1351b966/build/Data/Function/Compat/Repl/Batteries.p_o )
[ 33 of 108] Compiling Data.Functor.Compat ( src/Data/Functor/Compat.hs, dist/dist-sandbox-1351b966/build/Data/Functor/Compat.p_o )
[ 34 of 108] Compiling Data.Functor.Compat.Repl.Batteries ( src/Data/Functor/Compat/Repl/Batteries.hs, dist/dist-sandbox-1351b966/build/Data/Functor/Compat/Repl/Batteries.p_o )
[ 35 of 108] Compiling Data.Functor.Compose.Compat ( src/Data/Functor/Compose/Compat.hs, dist/dist-sandbox-1351b966/build/Data/Functor/Compose/Compat.p_o )
[ 36 of 108] Compiling Data.Functor.Compose.Compat.Repl.Batteries ( src/Data/Functor/Compose/Compat/Repl/Batteries.hs, dist/dist-sandbox-1351b966/build/Data/Functor/Compose/Compat/Repl/Batteries.p_o )
[ 37 of 108] Compiling Data.Functor.Const.Compat ( src/Data/Functor/Const/Compat.hs, dist/dist-sandbox-1351b966/build/Data/Functor/Const/Compat.p_o )
[ 38 of 108] Compiling Data.Functor.Const.Compat.Repl.Batteries ( src/Data/Functor/Const/Compat/Repl/Batteries.hs, dist/dist-sandbox-1351b966/build/Data/Functor/Const/Compat/Repl/Batteries.p_o )
[ 39 of 108] Compiling Data.Functor.Identity.Compat ( src/Data/Functor/Identity/Compat.hs, dist/dist-sandbox-1351b966/build/Data/Functor/Identity/Compat.p_o )
[ 40 of 108] Compiling Data.Functor.Identity.Compat.Repl.Batteries ( src/Data/Functor/Identity/Compat/Repl/Batteries.hs, dist/dist-sandbox-1351b966/build/Data/Functor/Identity/Compat/Repl/Batteries.p_o )
[ 41 of 108] Compiling Data.Functor.Product.Compat ( src/Data/Functor/Product/Compat.hs, dist/dist-sandbox-1351b966/build/Data/Functor/Product/Compat.p_o )
[ 42 of 108] Compiling Data.Functor.Product.Compat.Repl.Batteries ( src/Data/Functor/Product/Compat/Repl/Batteries.hs, dist/dist-sandbox-1351b966/build/Data/Functor/Product/Compat/Repl/Batteries.p_o )
[ 43 of 108] Compiling Data.Functor.Sum.Compat ( src/Data/Functor/Sum/Compat.hs, dist/dist-sandbox-1351b966/build/Data/Functor/Sum/Compat.p_o )
[ 44 of 108] Compiling Data.Functor.Sum.Compat.Repl.Batteries ( src/Data/Functor/Sum/Compat/Repl/Batteries.hs, dist/dist-sandbox-1351b966/build/Data/Functor/Sum/Compat/Repl/Batteries.p_o )
[ 45 of 108] Compiling Data.IORef.Compat ( src/Data/IORef/Compat.hs, dist/dist-sandbox-1351b966/build/Data/IORef/Compat.p_o )
[ 46 of 108] Compiling Data.IORef.Compat.Repl.Batteries ( src/Data/IORef/Compat/Repl/Batteries.hs, dist/dist-sandbox-1351b966/build/Data/IORef/Compat/Repl/Batteries.p_o )
[ 47 of 108] Compiling Data.List.Compat ( src/Data/List/Compat.hs, dist/dist-sandbox-1351b966/build/Data/List/Compat.p_o )
[ 48 of 108] Compiling Data.List.Compat.Repl.Batteries ( src/Data/List/Compat/Repl/Batteries.hs, dist/dist-sandbox-1351b966/build/Data/List/Compat/Repl/Batteries.p_o )
[ 49 of 108] Compiling Data.List.NonEmpty.Compat ( src/Data/List/NonEmpty/Compat.hs, dist/dist-sandbox-1351b966/build/Data/List/NonEmpty/Compat.p_o )
[ 50 of 108] Compiling Data.List.NonEmpty.Compat.Repl.Batteries ( src/Data/List/NonEmpty/Compat/Repl/Batteries.hs, dist/dist-sandbox-1351b966/build/Data/List/NonEmpty/Compat/Repl/Batteries.p_o )
[ 51 of 108] Compiling Data.Monoid.Compat ( src/Data/Monoid/Compat.hs, dist/dist-sandbox-1351b966/build/Data/Monoid/Compat.p_o )
[ 52 of 108] Compiling Data.Monoid.Compat.Repl.Batteries ( src/Data/Monoid/Compat/Repl/Batteries.hs, dist/dist-sandbox-1351b966/build/Data/Monoid/Compat/Repl/Batteries.p_o )
[ 53 of 108] Compiling Data.Proxy.Compat ( src/Data/Proxy/Compat.hs, dist/dist-sandbox-1351b966/build/Data/Proxy/Compat.p_o )
[ 54 of 108] Compiling Data.Proxy.Compat.Repl.Batteries ( src/Data/Proxy/Compat/Repl/Batteries.hs, dist/dist-sandbox-1351b966/build/Data/Proxy/Compat/Repl/Batteries.p_o )
[ 55 of 108] Compiling Data.Ratio.Compat ( src/Data/Ratio/Compat.hs, dist/dist-sandbox-1351b966/build/Data/Ratio/Compat.p_o )
[ 56 of 108] Compiling Data.Ratio.Compat.Repl.Batteries ( src/Data/Ratio/Compat/Repl/Batteries.hs, dist/dist-sandbox-1351b966/build/Data/Ratio/Compat/Repl/Batteries.p_o )
[ 57 of 108] Compiling Data.STRef.Compat ( src/Data/STRef/Compat.hs, dist/dist-sandbox-1351b966/build/Data/STRef/Compat.p_o )
[ 58 of 108] Compiling Data.STRef.Compat.Repl.Batteries ( src/Data/STRef/Compat/Repl/Batteries.hs, dist/dist-sandbox-1351b966/build/Data/STRef/Compat/Repl/Batteries.p_o )
[ 59 of 108] Compiling Data.Semigroup.Compat ( src/Data/Semigroup/Compat.hs, dist/dist-sandbox-1351b966/build/Data/Semigroup/Compat.p_o )
[ 60 of 108] Compiling Data.Semigroup.Compat.Repl.Batteries ( src/Data/Semigroup/Compat/Repl/Batteries.hs, dist/dist-sandbox-1351b966/build/Data/Semigroup/Compat/Repl/Batteries.p_o )
[ 61 of 108] Compiling Data.String.Compat ( src/Data/String/Compat.hs, dist/dist-sandbox-1351b966/build/Data/String/Compat.p_o )
[ 62 of 108] Compiling Data.String.Compat.Repl.Batteries ( src/Data/String/Compat/Repl/Batteries.hs, dist/dist-sandbox-1351b966/build/Data/String/Compat/Repl/Batteries.p_o )
[ 63 of 108] Compiling Data.Type.Coercion.Compat ( src/Data/Type/Coercion/Compat.hs, dist/dist-sandbox-1351b966/build/Data/Type/Coercion/Compat.p_o )
[ 64 of 108] Compiling Data.Type.Coercion.Compat.Repl.Batteries ( src/Data/Type/Coercion/Compat/Repl/Batteries.hs, dist/dist-sandbox-1351b966/build/Data/Type/Coercion/Compat/Repl/Batteries.p_o )
[ 65 of 108] Compiling Data.Version.Compat ( src/Data/Version/Compat.hs, dist/dist-sandbox-1351b966/build/Data/Version/Compat.p_o )
[ 66 of 108] Compiling Data.Version.Compat.Repl.Batteries ( src/Data/Version/Compat/Repl/Batteries.hs, dist/dist-sandbox-1351b966/build/Data/Version/Compat/Repl/Batteries.p_o )
[ 67 of 108] Compiling Data.Void.Compat ( src/Data/Void/Compat.hs, dist/dist-sandbox-1351b966/build/Data/Void/Compat.p_o )
[ 68 of 108] Compiling Data.Void.Compat.Repl.Batteries ( src/Data/Void/Compat/Repl/Batteries.hs, dist/dist-sandbox-1351b966/build/Data/Void/Compat/Repl/Batteries.p_o )
[ 69 of 108] Compiling Data.Word.Compat ( src/Data/Word/Compat.hs, dist/dist-sandbox-1351b966/build/Data/Word/Compat.p_o )
[ 70 of 108] Compiling Data.Word.Compat.Repl.Batteries ( src/Data/Word/Compat/Repl/Batteries.hs, dist/dist-sandbox-1351b966/build/Data/Word/Compat/Repl/Batteries.p_o )
[ 71 of 108] Compiling Debug.Trace.Compat ( src/Debug/Trace/Compat.hs, dist/dist-sandbox-1351b966/build/Debug/Trace/Compat.p_o )
[ 72 of 108] Compiling Debug.Trace.Compat.Repl.Batteries ( src/Debug/Trace/Compat/Repl/Batteries.hs, dist/dist-sandbox-1351b966/build/Debug/Trace/Compat/Repl/Batteries.p_o )
[ 73 of 108] Compiling Foreign.Compat   ( src/Foreign/Compat.hs, dist/dist-sandbox-1351b966/build/Foreign/Compat.p_o )
[ 74 of 108] Compiling Foreign.Compat.Repl.Batteries ( src/Foreign/Compat/Repl/Batteries.hs, dist/dist-sandbox-1351b966/build/Foreign/Compat/Repl/Batteries.p_o )
[ 75 of 108] Compiling Foreign.ForeignPtr.Compat ( src/Foreign/ForeignPtr/Compat.hs, dist/dist-sandbox-1351b966/build/Foreign/ForeignPtr/Compat.p_o )
[ 76 of 108] Compiling Foreign.ForeignPtr.Compat.Repl.Batteries ( src/Foreign/ForeignPtr/Compat/Repl/Batteries.hs, dist/dist-sandbox-1351b966/build/Foreign/ForeignPtr/Compat/Repl/Batteries.p_o )
[ 77 of 108] Compiling Foreign.ForeignPtr.Safe.Compat ( src/Foreign/ForeignPtr/Safe/Compat.hs, dist/dist-sandbox-1351b966/build/Foreign/ForeignPtr/Safe/Compat.p_o )
[ 78 of 108] Compiling Foreign.ForeignPtr.Safe.Compat.Repl.Batteries ( src/Foreign/ForeignPtr/Safe/Compat/Repl/Batteries.hs, dist/dist-sandbox-1351b966/build/Foreign/ForeignPtr/Safe/Compat/Repl/Batteries.p_o )
[ 79 of 108] Compiling Foreign.ForeignPtr.Unsafe.Compat ( src/Foreign/ForeignPtr/Unsafe/Compat.hs, dist/dist-sandbox-1351b966/build/Foreign/ForeignPtr/Unsafe/Compat.p_o )
[ 80 of 108] Compiling Foreign.ForeignPtr.Unsafe.Compat.Repl.Batteries ( src/Foreign/ForeignPtr/Unsafe/Compat/Repl/Batteries.hs, dist/dist-sandbox-1351b966/build/Foreign/ForeignPtr/Unsafe/Compat/Repl/Batteries.p_o )
[ 81 of 108] Compiling Foreign.Marshal.Alloc.Compat ( src/Foreign/Marshal/Alloc/Compat.hs, dist/dist-sandbox-1351b966/build/Foreign/Marshal/Alloc/Compat.p_o )
[ 82 of 108] Compiling Foreign.Marshal.Alloc.Compat.Repl.Batteries ( src/Foreign/Marshal/Alloc/Compat/Repl/Batteries.hs, dist/dist-sandbox-1351b966/build/Foreign/Marshal/Alloc/Compat/Repl/Batteries.p_o )
[ 83 of 108] Compiling Foreign.Marshal.Array.Compat ( src/Foreign/Marshal/Array/Compat.hs, dist/dist-sandbox-1351b966/build/Foreign/Marshal/Array/Compat.p_o )
[ 84 of 108] Compiling Foreign.Marshal.Array.Compat.Repl.Batteries ( src/Foreign/Marshal/Array/Compat/Repl/Batteries.hs, dist/dist-sandbox-1351b966/build/Foreign/Marshal/Array/Compat/Repl/Batteries.p_o )
[ 85 of 108] Compiling Foreign.Marshal.Compat ( src/Foreign/Marshal/Compat.hs, dist/dist-sandbox-1351b966/build/Foreign/Marshal/Compat.p_o )
[ 86 of 108] Compiling Foreign.Marshal.Compat.Repl.Batteries ( src/Foreign/Marshal/Compat/Repl/Batteries.hs, dist/dist-sandbox-1351b966/build/Foreign/Marshal/Compat/Repl/Batteries.p_o )
[ 87 of 108] Compiling Foreign.Marshal.Safe.Compat ( src/Foreign/Marshal/Safe/Compat.hs, dist/dist-sandbox-1351b966/build/Foreign/Marshal/Safe/Compat.p_o )
[ 88 of 108] Compiling Foreign.Marshal.Safe.Compat.Repl.Batteries ( src/Foreign/Marshal/Safe/Compat/Repl/Batteries.hs, dist/dist-sandbox-1351b966/build/Foreign/Marshal/Safe/Compat/Repl/Batteries.p_o )
[ 89 of 108] Compiling Foreign.Marshal.Unsafe.Compat ( src/Foreign/Marshal/Unsafe/Compat.hs, dist/dist-sandbox-1351b966/build/Foreign/Marshal/Unsafe/Compat.p_o )
[ 90 of 108] Compiling Foreign.Marshal.Unsafe.Compat.Repl.Batteries ( src/Foreign/Marshal/Unsafe/Compat/Repl/Batteries.hs, dist/dist-sandbox-1351b966/build/Foreign/Marshal/Unsafe/Compat/Repl/Batteries.p_o )
[ 91 of 108] Compiling Foreign.Marshal.Utils.Compat ( src/Foreign/Marshal/Utils/Compat.hs, dist/dist-sandbox-1351b966/build/Foreign/Marshal/Utils/Compat.p_o )
[ 92 of 108] Compiling Foreign.Marshal.Utils.Compat.Repl.Batteries ( src/Foreign/Marshal/Utils/Compat/Repl/Batteries.hs, dist/dist-sandbox-1351b966/build/Foreign/Marshal/Utils/Compat/Repl/Batteries.p_o )
[ 93 of 108] Compiling Numeric.Compat   ( src/Numeric/Compat.hs, dist/dist-sandbox-1351b966/build/Numeric/Compat.p_o )
[ 94 of 108] Compiling Numeric.Compat.Repl.Batteries ( src/Numeric/Compat/Repl/Batteries.hs, dist/dist-sandbox-1351b966/build/Numeric/Compat/Repl/Batteries.p_o )
[ 95 of 108] Compiling Numeric.Natural.Compat ( src/Numeric/Natural/Compat.hs, dist/dist-sandbox-1351b966/build/Numeric/Natural/Compat.p_o )
[ 96 of 108] Compiling Numeric.Natural.Compat.Repl.Batteries ( src/Numeric/Natural/Compat/Repl/Batteries.hs, dist/dist-sandbox-1351b966/build/Numeric/Natural/Compat/Repl/Batteries.p_o )
[ 97 of 108] Compiling Prelude.Compat   ( src/Prelude/Compat.hs, dist/dist-sandbox-1351b966/build/Prelude/Compat.p_o )
[ 98 of 108] Compiling Prelude.Compat.Repl.Batteries ( src/Prelude/Compat/Repl/Batteries.hs, dist/dist-sandbox-1351b966/build/Prelude/Compat/Repl/Batteries.p_o )
[ 99 of 108] Compiling System.Environment.Compat ( src/System/Environment/Compat.hs, dist/dist-sandbox-1351b966/build/System/Environment/Compat.p_o )
[100 of 108] Compiling System.Environment.Compat.Repl.Batteries ( src/System/Environment/Compat/Repl/Batteries.hs, dist/dist-sandbox-1351b966/build/System/Environment/Compat/Repl/Batteries.p_o )
[101 of 108] Compiling System.Exit.Compat ( src/System/Exit/Compat.hs, dist/dist-sandbox-1351b966/build/System/Exit/Compat.p_o )
[102 of 108] Compiling System.Exit.Compat.Repl.Batteries ( src/System/Exit/Compat/Repl/Batteries.hs, dist/dist-sandbox-1351b966/build/System/Exit/Compat/Repl/Batteries.p_o )
[103 of 108] Compiling System.IO.Unsafe.Compat ( src/System/IO/Unsafe/Compat.hs, dist/dist-sandbox-1351b966/build/System/IO/Unsafe/Compat.p_o )
[104 of 108] Compiling System.IO.Unsafe.Compat.Repl.Batteries ( src/System/IO/Unsafe/Compat/Repl/Batteries.hs, dist/dist-sandbox-1351b966/build/System/IO/Unsafe/Compat/Repl/Batteries.p_o )
[105 of 108] Compiling Text.Read.Compat ( src/Text/Read/Compat.hs, dist/dist-sandbox-1351b966/build/Text/Read/Compat.p_o )
[106 of 108] Compiling Text.Read.Compat.Repl.Batteries ( src/Text/Read/Compat/Repl/Batteries.hs, dist/dist-sandbox-1351b966/build/Text/Read/Compat/Repl/Batteries.p_o )
[107 of 108] Compiling Type.Reflection.Compat ( src/Type/Reflection/Compat.hs, dist/dist-sandbox-1351b966/build/Type/Reflection/Compat.p_o )
[108 of 108] Compiling Type.Reflection.Compat.Repl.Batteries ( src/Type/Reflection/Compat/Repl/Batteries.hs, dist/dist-sandbox-1351b966/build/Type/Reflection/Compat/Repl/Batteries.p_o )
cabal: Haddock's internal GHC version must match the configured GHC version.
The GHC version is 8.5.20180708 but haddock is using GHC version 7.10.3
Installing library in /Users/abhiroop/Haskell/polynomial/.cabal-sandbox/lib/x86_64-osx-ghc-8.5.20180708/base-compat-batteries-0.10.1-9699TWZ1YylBrWzXuq6Bdy
cabal: Leaving directory '/var/folders/dl/rslctfrj4xl50jnzhtlxdfqr0000gn/T/cabal-tmp-29911/base-compat-batteries-0.10.1'
