cabal: Entering directory '/var/folders/dl/rslctfrj4xl50jnzhtlxdfqr0000gn/T/cabal-tmp-29908/colour-2.3.4'
Configuring colour-2.3.4...
Preprocessing library for colour-2.3.4..
Building library for colour-2.3.4..
[ 1 of 14] Compiling Data.Colour.CIE.Chromaticity ( Data/Colour/CIE/Chromaticity.hs, dist/dist-sandbox-1351b966/build/Data/Colour/CIE/Chromaticity.o )
[ 2 of 14] Compiling Data.Colour.CIE.Illuminant ( Data/Colour/CIE/Illuminant.hs, dist/dist-sandbox-1351b966/build/Data/Colour/CIE/Illuminant.o )
[ 3 of 14] Compiling Data.Colour.Chan ( Data/Colour/Chan.hs, dist/dist-sandbox-1351b966/build/Data/Colour/Chan.o )
[ 4 of 14] Compiling Data.Colour.Internal ( Data/Colour/Internal.hs, dist/dist-sandbox-1351b966/build/Data/Colour/Internal.o )
[ 5 of 14] Compiling Data.Colour.Matrix ( Data/Colour/Matrix.hs, dist/dist-sandbox-1351b966/build/Data/Colour/Matrix.o )
[ 6 of 14] Compiling Data.Colour.RGB  ( Data/Colour/RGB.hs, dist/dist-sandbox-1351b966/build/Data/Colour/RGB.o )
WARNING: file compiler/simplCore/SimplCore.hs, line 706
  Simplifier bailing out after 4 iterations [879, 116, 5, 2]
    Size = {terms: 1,491, types: 1,829, coercions: 114, joins: 3/46}
[ 7 of 14] Compiling Data.Colour.RGBSpace.HSL ( Data/Colour/RGBSpace/HSL.hs, dist/dist-sandbox-1351b966/build/Data/Colour/RGBSpace/HSL.o )
[ 8 of 14] Compiling Data.Colour.RGBSpace.HSV ( Data/Colour/RGBSpace/HSV.hs, dist/dist-sandbox-1351b966/build/Data/Colour/RGBSpace/HSV.o )
[ 9 of 14] Compiling Data.Colour.SRGB.Linear ( Data/Colour/SRGB/Linear.hs, dist/dist-sandbox-1351b966/build/Data/Colour/SRGB/Linear.o )
[10 of 14] Compiling Data.Colour.RGBSpace ( Data/Colour/RGBSpace.hs, dist/dist-sandbox-1351b966/build/Data/Colour/RGBSpace.o )
WARNING: file compiler/simplCore/SimplCore.hs, line 706
  Simplifier bailing out after 4 iterations [335, 46, 2, 1]
    Size = {terms: 887, types: 1,264, coercions: 21, joins: 1/10}
[11 of 14] Compiling Data.Colour.SRGB ( Data/Colour/SRGB.hs, dist/dist-sandbox-1351b966/build/Data/Colour/SRGB.o )
[12 of 14] Compiling Data.Colour      ( Data/Colour.hs, dist/dist-sandbox-1351b966/build/Data/Colour.o )
[13 of 14] Compiling Data.Colour.Names ( Data/Colour/Names.hs, dist/dist-sandbox-1351b966/build/Data/Colour/Names.o )
[14 of 14] Compiling Data.Colour.CIE  ( Data/Colour/CIE.hs, dist/dist-sandbox-1351b966/build/Data/Colour/CIE.o )
[ 1 of 14] Compiling Data.Colour.CIE.Chromaticity ( Data/Colour/CIE/Chromaticity.hs, dist/dist-sandbox-1351b966/build/Data/Colour/CIE/Chromaticity.p_o )
[ 2 of 14] Compiling Data.Colour.CIE.Illuminant ( Data/Colour/CIE/Illuminant.hs, dist/dist-sandbox-1351b966/build/Data/Colour/CIE/Illuminant.p_o )
[ 3 of 14] Compiling Data.Colour.Chan ( Data/Colour/Chan.hs, dist/dist-sandbox-1351b966/build/Data/Colour/Chan.p_o )
[ 4 of 14] Compiling Data.Colour.Internal ( Data/Colour/Internal.hs, dist/dist-sandbox-1351b966/build/Data/Colour/Internal.p_o )
WARNING: file compiler/simplCore/OccurAnal.hs, line 2714
  OccurAnal failed to rediscover join point(s): [$wgo_s9dz]
WARNING: file compiler/simplCore/OccurAnal.hs, line 2714
  OccurAnal failed to rediscover join point(s): [$wgo_s9dz]
WARNING: file compiler/simplCore/OccurAnal.hs, line 2714
  OccurAnal failed to rediscover join point(s): [$wgo_s9dz]
WARNING: file compiler/simplCore/OccurAnal.hs, line 2714
  OccurAnal failed to rediscover join point(s): [$wgo_s9dz]
WARNING: file compiler/simplCore/OccurAnal.hs, line 2714
  OccurAnal failed to rediscover join point(s): [$wgo_s9dz]
WARNING: file compiler/simplCore/OccurAnal.hs, line 2714
  OccurAnal failed to rediscover join point(s): [$wgo_s9dz]
WARNING: file compiler/simplCore/OccurAnal.hs, line 2714
  OccurAnal failed to rediscover join point(s): [$wgo_s9NJ]
[ 5 of 14] Compiling Data.Colour.Matrix ( Data/Colour/Matrix.hs, dist/dist-sandbox-1351b966/build/Data/Colour/Matrix.p_o )
[ 6 of 14] Compiling Data.Colour.RGB  ( Data/Colour/RGB.hs, dist/dist-sandbox-1351b966/build/Data/Colour/RGB.p_o )
WARNING: file compiler/simplCore/SimplCore.hs, line 706
  Simplifier bailing out after 4 iterations [838, 115, 5, 2]
    Size = {terms: 1,507, types: 1,824, coercions: 114, joins: 3/47}
[ 7 of 14] Compiling Data.Colour.RGBSpace.HSL ( Data/Colour/RGBSpace/HSL.hs, dist/dist-sandbox-1351b966/build/Data/Colour/RGBSpace/HSL.p_o )
[ 8 of 14] Compiling Data.Colour.RGBSpace.HSV ( Data/Colour/RGBSpace/HSV.hs, dist/dist-sandbox-1351b966/build/Data/Colour/RGBSpace/HSV.p_o )
[ 9 of 14] Compiling Data.Colour.SRGB.Linear ( Data/Colour/SRGB/Linear.hs, dist/dist-sandbox-1351b966/build/Data/Colour/SRGB/Linear.p_o )
[10 of 14] Compiling Data.Colour.RGBSpace ( Data/Colour/RGBSpace.hs, dist/dist-sandbox-1351b966/build/Data/Colour/RGBSpace.p_o )
WARNING: file compiler/simplCore/SimplCore.hs, line 706
  Simplifier bailing out after 4 iterations [350, 52, 2, 1]
    Size = {terms: 872, types: 1,181, coercions: 21, joins: 1/18}
[11 of 14] Compiling Data.Colour.SRGB ( Data/Colour/SRGB.hs, dist/dist-sandbox-1351b966/build/Data/Colour/SRGB.p_o )
[12 of 14] Compiling Data.Colour      ( Data/Colour.hs, dist/dist-sandbox-1351b966/build/Data/Colour.p_o )
[13 of 14] Compiling Data.Colour.Names ( Data/Colour/Names.hs, dist/dist-sandbox-1351b966/build/Data/Colour/Names.p_o )
[14 of 14] Compiling Data.Colour.CIE  ( Data/Colour/CIE.hs, dist/dist-sandbox-1351b966/build/Data/Colour/CIE.p_o )
cabal: Haddock's internal GHC version must match the configured GHC version.
The GHC version is 8.5.20180708 but haddock is using GHC version 7.10.3
Installing library in /Users/abhiroop/Haskell/polynomial/.cabal-sandbox/lib/x86_64-osx-ghc-8.5.20180708/colour-2.3.4-JHXGS2x2loI5MK7aOeyIcN
cabal: Leaving directory '/var/folders/dl/rslctfrj4xl50jnzhtlxdfqr0000gn/T/cabal-tmp-29908/colour-2.3.4'
