cabal: Entering directory '/var/folders/dl/rslctfrj4xl50jnzhtlxdfqr0000gn/T/cabal-tmp-29909/dlist-0.8.0.4'
Configuring dlist-0.8.0.4...
Preprocessing library for dlist-0.8.0.4..
Building library for dlist-0.8.0.4..
[1 of 1] Compiling Data.DList       ( Data/DList.hs, dist/dist-sandbox-1351b966/build/Data/DList.o )
WARNING: file compiler/simplCore/SimplCore.hs, line 1025
  Not shorting out: concat
WARNING: file compiler/simplCore/SimplCore.hs, line 1025
  Not shorting out: concat
WARNING: file compiler/stgSyn/CoreToStg.hs, line 328
  $fAlternativeDList True False
WARNING: file compiler/stgSyn/CoreToStg.hs, line 328
  $fAlternativeDList True False
[1 of 1] Compiling Data.DList       ( Data/DList.hs, dist/dist-sandbox-1351b966/build/Data/DList.p_o )
WARNING: file compiler/simplCore/SimplCore.hs, line 1025
  Not shorting out: concat
WARNING: file compiler/simplCore/SimplCore.hs, line 1025
  Not shorting out: concat
WARNING: file compiler/stgSyn/CoreToStg.hs, line 328
  $fAlternativeDList True False
cabal: Haddock's internal GHC version must match the configured GHC version.
The GHC version is 8.5.20180708 but haddock is using GHC version 7.10.3
Installing library in /Users/abhiroop/Haskell/polynomial/.cabal-sandbox/lib/x86_64-osx-ghc-8.5.20180708/dlist-0.8.0.4-E0OqxSd8wjiGIur5EEZvuM
cabal: Leaving directory '/var/folders/dl/rslctfrj4xl50jnzhtlxdfqr0000gn/T/cabal-tmp-29909/dlist-0.8.0.4'
