cabal: Entering directory '/var/folders/dl/rslctfrj4xl50jnzhtlxdfqr0000gn/T/cabal-tmp-29910/integer-logarithms-1.0.2.1'
Configuring integer-logarithms-1.0.2.1...
Preprocessing library for integer-logarithms-1.0.2.1..
Building library for integer-logarithms-1.0.2.1..
[1 of 4] Compiling GHC.Integer.Logarithms.Compat ( src/GHC/Integer/Logarithms/Compat.hs, dist/dist-sandbox-1351b966/build/GHC/Integer/Logarithms/Compat.o )
[2 of 4] Compiling Math.NumberTheory.Logarithms ( src/Math/NumberTheory/Logarithms.hs, dist/dist-sandbox-1351b966/build/Math/NumberTheory/Logarithms.o )
WARNING: file compiler/simplCore/SimplCore.hs, line 706
  Simplifier bailing out after 4 iterations [1035, 85, 14, 2]
    Size = {terms: 3,145, types: 1,363, coercions: 68, joins: 24/65}
[3 of 4] Compiling Math.NumberTheory.Powers.Integer ( src/Math/NumberTheory/Powers/Integer.hs, dist/dist-sandbox-1351b966/build/Math/NumberTheory/Powers/Integer.o )
WARNING: file compiler/simplCore/OccurAnal.hs, line 73
  Glomming in Math.NumberTheory.Powers.Integer: [sbHu :->]
[4 of 4] Compiling Math.NumberTheory.Powers.Natural ( src/Math/NumberTheory/Powers/Natural.hs, dist/dist-sandbox-1351b966/build/Math/NumberTheory/Powers/Natural.o )
WARNING: file compiler/simplCore/OccurAnal.hs, line 73
  Glomming in Math.NumberTheory.Powers.Natural: [sbVb :->]
[1 of 4] Compiling GHC.Integer.Logarithms.Compat ( src/GHC/Integer/Logarithms/Compat.hs, dist/dist-sandbox-1351b966/build/GHC/Integer/Logarithms/Compat.p_o )
[2 of 4] Compiling Math.NumberTheory.Logarithms ( src/Math/NumberTheory/Logarithms.hs, dist/dist-sandbox-1351b966/build/Math/NumberTheory/Logarithms.p_o )
WARNING: file compiler/simplCore/OccurAnal.hs, line 2714
  OccurAnal failed to rediscover join point(s): [$j_s5bm]
WARNING: file compiler/simplCore/OccurAnal.hs, line 2714
  OccurAnal failed to rediscover join point(s): [$j_s5bi]
WARNING: file compiler/simplCore/OccurAnal.hs, line 2714
  OccurAnal failed to rediscover join point(s): [$j_s5bm]
WARNING: file compiler/simplCore/OccurAnal.hs, line 2714
  OccurAnal failed to rediscover join point(s): [$j_s5bi]
WARNING: file compiler/simplCore/SimplCore.hs, line 706
  Simplifier bailing out after 4 iterations [911, 83, 12, 2]
    Size = {terms: 3,395, types: 1,589, coercions: 68, joins: 24/63}
WARNING: file compiler/simplCore/OccurAnal.hs, line 2714
  OccurAnal failed to rediscover join point(s): [$j_s5bm]
WARNING: file compiler/simplCore/OccurAnal.hs, line 2714
  OccurAnal failed to rediscover join point(s): [$j_s5bi]
WARNING: file compiler/simplCore/OccurAnal.hs, line 2714
  OccurAnal failed to rediscover join point(s): [$j_s5bm]
WARNING: file compiler/simplCore/OccurAnal.hs, line 2714
  OccurAnal failed to rediscover join point(s): [$j_s5bi]
WARNING: file compiler/simplCore/OccurAnal.hs, line 2714
  OccurAnal failed to rediscover join point(s): [$j_s5bm]
WARNING: file compiler/simplCore/OccurAnal.hs, line 2714
  OccurAnal failed to rediscover join point(s): [$j_s5bi]
WARNING: file compiler/simplCore/OccurAnal.hs, line 2714
  OccurAnal failed to rediscover join point(s): [$j_s5bm]
WARNING: file compiler/simplCore/OccurAnal.hs, line 2714
  OccurAnal failed to rediscover join point(s): [$j_s5bi]
WARNING: file compiler/simplCore/OccurAnal.hs, line 2714
  OccurAnal failed to rediscover join point(s): [$j_s5bm]
WARNING: file compiler/simplCore/OccurAnal.hs, line 2714
  OccurAnal failed to rediscover join point(s): [$j_s5bi]
WARNING: file compiler/simplCore/OccurAnal.hs, line 2714
  OccurAnal failed to rediscover join point(s): [$j_s5bm]
WARNING: file compiler/simplCore/OccurAnal.hs, line 2714
  OccurAnal failed to rediscover join point(s): [$j_s5bi]
WARNING: file compiler/simplCore/OccurAnal.hs, line 2714
  OccurAnal failed to rediscover join point(s): [$j_s5bm]
WARNING: file compiler/simplCore/OccurAnal.hs, line 2714
  OccurAnal failed to rediscover join point(s): [$j_s5bi]
WARNING: file compiler/simplCore/OccurAnal.hs, line 2714
  OccurAnal failed to rediscover join point(s): [$j_s5bm]
WARNING: file compiler/simplCore/OccurAnal.hs, line 2714
  OccurAnal failed to rediscover join point(s): [$j_s5bi]
WARNING: file compiler/simplCore/OccurAnal.hs, line 2714
  OccurAnal failed to rediscover join point(s): [$j_s5bm]
WARNING: file compiler/simplCore/OccurAnal.hs, line 2714
  OccurAnal failed to rediscover join point(s): [$j_s5bi]
WARNING: file compiler/simplCore/OccurAnal.hs, line 2714
  OccurAnal failed to rediscover join point(s): [$j_s5bm]
WARNING: file compiler/simplCore/OccurAnal.hs, line 2714
  OccurAnal failed to rediscover join point(s): [$j_s5bi]
WARNING: file compiler/simplCore/OccurAnal.hs, line 2714
  OccurAnal failed to rediscover join point(s): [$w$j_s684]
WARNING: file compiler/simplCore/OccurAnal.hs, line 2714
  OccurAnal failed to rediscover join point(s): [$w$j_s680]
WARNING: file compiler/simplCore/OccurAnal.hs, line 2714
  OccurAnal failed to rediscover join point(s): [$w$j_s684]
WARNING: file compiler/simplCore/OccurAnal.hs, line 2714
  OccurAnal failed to rediscover join point(s): [$w$j_s680]
WARNING: file compiler/simplCore/OccurAnal.hs, line 2714
  OccurAnal failed to rediscover join point(s): [$w$j_s684]
WARNING: file compiler/simplCore/OccurAnal.hs, line 2714
  OccurAnal failed to rediscover join point(s): [$w$j_s680]
WARNING: file compiler/simplCore/OccurAnal.hs, line 2714
  OccurAnal failed to rediscover join point(s): [$w$j_s684]
WARNING: file compiler/simplCore/OccurAnal.hs, line 2714
  OccurAnal failed to rediscover join point(s): [$w$j_s680]
WARNING: file compiler/simplCore/OccurAnal.hs, line 2714
  OccurAnal failed to rediscover join point(s): [$w$j_X6g5]
WARNING: file compiler/simplCore/OccurAnal.hs, line 2714
  OccurAnal failed to rediscover join point(s): [$w$j_X6g3]
WARNING: file compiler/simplCore/OccurAnal.hs, line 2714
  OccurAnal failed to rediscover join point(s): [$w$j_X6g4]
WARNING: file compiler/simplCore/OccurAnal.hs, line 2714
  OccurAnal failed to rediscover join point(s): [$w$j_X6g2]
WARNING: file compiler/simplCore/OccurAnal.hs, line 2714
  OccurAnal failed to rediscover join point(s): [$w$j_s684]
WARNING: file compiler/simplCore/OccurAnal.hs, line 2714
  OccurAnal failed to rediscover join point(s): [$w$j_s680]
WARNING: file compiler/simplCore/OccurAnal.hs, line 2714
  OccurAnal failed to rediscover join point(s): [$w$j_X6g5]
WARNING: file compiler/simplCore/OccurAnal.hs, line 2714
  OccurAnal failed to rediscover join point(s): [$w$j_X6g3]
WARNING: file compiler/simplCore/OccurAnal.hs, line 2714
  OccurAnal failed to rediscover join point(s): [$w$j_X6g4]
WARNING: file compiler/simplCore/OccurAnal.hs, line 2714
  OccurAnal failed to rediscover join point(s): [$w$j_X6g2]
WARNING: file compiler/simplCore/OccurAnal.hs, line 2714
  OccurAnal failed to rediscover join point(s): [$w$j_s684]
WARNING: file compiler/simplCore/OccurAnal.hs, line 2714
  OccurAnal failed to rediscover join point(s): [$w$j_s680]
WARNING: file compiler/simplCore/OccurAnal.hs, line 2714
  OccurAnal failed to rediscover join point(s): [$w$j_X6g5]
WARNING: file compiler/simplCore/OccurAnal.hs, line 2714
  OccurAnal failed to rediscover join point(s): [$w$j_X6g3]
WARNING: file compiler/simplCore/OccurAnal.hs, line 2714
  OccurAnal failed to rediscover join point(s): [$w$j_X6g4]
WARNING: file compiler/simplCore/OccurAnal.hs, line 2714
  OccurAnal failed to rediscover join point(s): [$w$j_X6g2]
WARNING: file compiler/simplCore/OccurAnal.hs, line 2714
  OccurAnal failed to rediscover join point(s): [$w$j_s684]
WARNING: file compiler/simplCore/OccurAnal.hs, line 2714
  OccurAnal failed to rediscover join point(s): [$w$j_s680]
WARNING: file compiler/simplCore/OccurAnal.hs, line 2714
  OccurAnal failed to rediscover join point(s): [$w$j_X6g5]
WARNING: file compiler/simplCore/OccurAnal.hs, line 2714
  OccurAnal failed to rediscover join point(s): [$w$j_X6g3]
WARNING: file compiler/simplCore/OccurAnal.hs, line 2714
  OccurAnal failed to rediscover join point(s): [$w$j_X6g4]
WARNING: file compiler/simplCore/OccurAnal.hs, line 2714
  OccurAnal failed to rediscover join point(s): [$w$j_X6g2]
WARNING: file compiler/simplCore/OccurAnal.hs, line 2714
  OccurAnal failed to rediscover join point(s): [$w$j_s7ry]
WARNING: file compiler/simplCore/OccurAnal.hs, line 2714
  OccurAnal failed to rediscover join point(s): [$w$j1_s7rA]
WARNING: file compiler/simplCore/OccurAnal.hs, line 2714
  OccurAnal failed to rediscover join point(s): [$w$j2_s7sa]
WARNING: file compiler/simplCore/OccurAnal.hs, line 2714
  OccurAnal failed to rediscover join point(s): [$w$j3_s7sc]
WARNING: file compiler/simplCore/OccurAnal.hs, line 2714
  OccurAnal failed to rediscover join point(s): [$w$j2_s7uT]
WARNING: file compiler/simplCore/OccurAnal.hs, line 2714
  OccurAnal failed to rediscover join point(s): [$w$j3_s7uV]
[3 of 4] Compiling Math.NumberTheory.Powers.Integer ( src/Math/NumberTheory/Powers/Integer.hs, dist/dist-sandbox-1351b966/build/Math/NumberTheory/Powers/Integer.p_o )
WARNING: file compiler/simplCore/OccurAnal.hs, line 73
  Glomming in Math.NumberTheory.Powers.Integer: [sadm :->]
WARNING: file compiler/simplCore/OccurAnal.hs, line 73
  Glomming in Math.NumberTheory.Powers.Integer: [sacP :-> OnceL]
[4 of 4] Compiling Math.NumberTheory.Powers.Natural ( src/Math/NumberTheory/Powers/Natural.hs, dist/dist-sandbox-1351b966/build/Math/NumberTheory/Powers/Natural.p_o )
WARNING: file compiler/simplCore/OccurAnal.hs, line 73
  Glomming in Math.NumberTheory.Powers.Natural: [sapT :->]
WARNING: file compiler/simplCore/OccurAnal.hs, line 73
  Glomming in Math.NumberTheory.Powers.Natural:
    [saoT :-> OnceL, sapo :-> OnceL]
cabal: Haddock's internal GHC version must match the configured GHC version.
The GHC version is 8.5.20180708 but haddock is using GHC version 7.10.3
Installing library in /Users/abhiroop/Haskell/polynomial/.cabal-sandbox/lib/x86_64-osx-ghc-8.5.20180708/integer-logarithms-1.0.2.1-2za16tmUkrLLNqjbwaiTQy
cabal: Leaving directory '/var/folders/dl/rslctfrj4xl50jnzhtlxdfqr0000gn/T/cabal-tmp-29910/integer-logarithms-1.0.2.1'
