cabal: Entering directory '/var/folders/dl/rslctfrj4xl50jnzhtlxdfqr0000gn/T/cabal-tmp-29909/math-functions-0.2.1.0'
Configuring math-functions-0.2.1.0...
Preprocessing library for math-functions-0.2.1.0..
Building library for math-functions-0.2.1.0..
[ 1 of 10] Compiling Numeric.MathFunctions.Comparison ( Numeric/MathFunctions/Comparison.hs, dist/dist-sandbox-1351b966/build/Numeric/MathFunctions/Comparison.o )
Rules.findBest: rule overlap (Rule 1 wins)
  Rule 1: "fromIntegral/a->Int64"
  Rule 2: "fromIntegral/Word64->a"
Rules.findBest: rule overlap (Rule 1 wins)
  Rule 1: "fromIntegral/a->Int64"
  Rule 2: "fromIntegral/Word64->a"
Rules.findBest: rule overlap (Rule 1 wins)
  Rule 1: "fromIntegral/a->Int64"
  Rule 2: "fromIntegral/Word64->a"
Rules.findBest: rule overlap (Rule 1 wins)
  Rule 1: "fromIntegral/Int64->a"
  Rule 2: "fromIntegral/a->Word64"
Rules.findBest: rule overlap (Rule 1 wins)
  Rule 1: "fromIntegral/Int64->a"
  Rule 2: "fromIntegral/a->Word64"
[ 2 of 10] Compiling Numeric.MathFunctions.Constants ( Numeric/MathFunctions/Constants.hs, dist/dist-sandbox-1351b966/build/Numeric/MathFunctions/Constants.o )
[ 3 of 10] Compiling Numeric.Polynomial ( Numeric/Polynomial.hs, dist/dist-sandbox-1351b966/build/Numeric/Polynomial.o )
[ 4 of 10] Compiling Numeric.Polynomial.Chebyshev ( Numeric/Polynomial/Chebyshev.hs, dist/dist-sandbox-1351b966/build/Numeric/Polynomial/Chebyshev.o )
[ 5 of 10] Compiling Numeric.RootFinding ( Numeric/RootFinding.hs, dist/dist-sandbox-1351b966/build/Numeric/RootFinding.o )
WARNING: file compiler/simplCore/SimplCore.hs, line 706
  Simplifier bailing out after 4 iterations [363, 58, 36, 1]
    Size = {terms: 1,956, types: 2,896, coercions: 415, joins: 9/34}
[ 6 of 10] Compiling Numeric.Series   ( Numeric/Series.hs, dist/dist-sandbox-1351b966/build/Numeric/Series.o )
WARNING: file compiler/simplCore/SimplCore.hs, line 706
  Simplifier bailing out after 4 iterations [359, 45, 24, 24]
    Size = {terms: 1,199, types: 1,563, coercions: 0, joins: 5/52}
WARNING: file compiler/simplCore/SimplCore.hs, line 706
  Simplifier bailing out after 4 iterations [214, 24, 7, 1]
    Size = {terms: 1,033, types: 1,335, coercions: 0, joins: 5/36}
[ 7 of 10] Compiling Numeric.SpecFunctions.Internal ( Numeric/SpecFunctions/Internal.hs, dist/dist-sandbox-1351b966/build/Numeric/SpecFunctions/Internal.o )

Numeric/SpecFunctions/Internal.hs:24:1: warning: [-Wunused-imports]
    The import of ‘expm1’ from module ‘GHC.Float’ is redundant
   |
24 | import GHC.Float (log1p,expm1)
   | ^^^^^^^^^^^^^^^^^^^^^^^^^^^^^^
WARNING: file compiler/simplCore/SimplCore.hs, line 706
  Simplifier bailing out after 4 iterations [6180, 411, 54, 4]
    Size = {terms: 10,297,
            types: 6,969,
            coercions: 1,198,
            joins: 44/234}
WARNING: file compiler/simplCore/SimplCore.hs, line 706
  Simplifier bailing out after 4 iterations [13256, 1086, 148, 9]
    Size = {terms: 13,441,
            types: 13,393,
            coercions: 2,810,
            joins: 46/345}
WARNING: file compiler/stranal/WorkWrap.hs, line 495
  $j_subr 2
          [<L,U(U)>]
WARNING: file compiler/stranal/WorkWrap.hs, line 495
  $j_suc2 2
          [<L,U(U)>]
WARNING: file compiler/stranal/WorkWrap.hs, line 495
  $j_sucC 2
          [<L,U(U)>]
WARNING: file compiler/simplCore/SimplCore.hs, line 706
  Simplifier bailing out after 4 iterations [5584, 139, 22, 7]
    Size = {terms: 13,981,
            types: 10,027,
            coercions: 3,936,
            joins: 109/373}
WARNING: file compiler/simplCore/SimplCore.hs, line 706
  Simplifier bailing out after 4 iterations [2786, 807, 6, 21]
    Size = {terms: 17,312,
            types: 11,944,
            coercions: 3,711,
            joins: 168/546}
[ 8 of 10] Compiling Numeric.SpecFunctions.Extra ( Numeric/SpecFunctions/Extra.hs, dist/dist-sandbox-1351b966/build/Numeric/SpecFunctions/Extra.o )
WARNING: file compiler/simplCore/SimplCore.hs, line 706
  Simplifier bailing out after 4 iterations [296, 22, 50, 4]
    Size = {terms: 474, types: 109, coercions: 0, joins: 1/7}
[ 9 of 10] Compiling Numeric.SpecFunctions ( Numeric/SpecFunctions.hs, dist/dist-sandbox-1351b966/build/Numeric/SpecFunctions.o )
[10 of 10] Compiling Numeric.Sum      ( Numeric/Sum.hs, dist/dist-sandbox-1351b966/build/Numeric/Sum.o )

Numeric/Sum.hs:59:1: warning: [-Wunused-imports]
    The import of ‘Data.Vector.Generic.Mutable’ is redundant
      except perhaps to import instances from ‘Data.Vector.Generic.Mutable’
    To import instances alone, use: import Data.Vector.Generic.Mutable()
   |
59 | import Data.Vector.Generic.Mutable (MVector(..))
   | ^^^^^^^^^^^^^^^^^^^^^^^^^^^^^^^^^^^^^^^^^^^^^^^^
WARNING: file compiler/simplCore/SimplCore.hs, line 706
  Simplifier bailing out after 4 iterations [3938, 112, 17, 9]
    Size = {terms: 11,910,
            types: 17,270,
            coercions: 3,775,
            joins: 16/267}
[ 1 of 10] Compiling Numeric.MathFunctions.Comparison ( Numeric/MathFunctions/Comparison.hs, dist/dist-sandbox-1351b966/build/Numeric/MathFunctions/Comparison.p_o )
Rules.findBest: rule overlap (Rule 1 wins)
  Rule 1: "fromIntegral/a->Int64"
  Rule 2: "fromIntegral/Word64->a"
Rules.findBest: rule overlap (Rule 1 wins)
  Rule 1: "fromIntegral/a->Int64"
  Rule 2: "fromIntegral/Word64->a"
Rules.findBest: rule overlap (Rule 1 wins)
  Rule 1: "fromIntegral/a->Int64"
  Rule 2: "fromIntegral/Word64->a"
Rules.findBest: rule overlap (Rule 1 wins)
  Rule 1: "fromIntegral/Int64->a"
  Rule 2: "fromIntegral/a->Word64"
Rules.findBest: rule overlap (Rule 1 wins)
  Rule 1: "fromIntegral/Int64->a"
  Rule 2: "fromIntegral/a->Word64"
[ 2 of 10] Compiling Numeric.MathFunctions.Constants ( Numeric/MathFunctions/Constants.hs, dist/dist-sandbox-1351b966/build/Numeric/MathFunctions/Constants.p_o )
[ 3 of 10] Compiling Numeric.Polynomial ( Numeric/Polynomial.hs, dist/dist-sandbox-1351b966/build/Numeric/Polynomial.p_o )
WARNING: file compiler/simplCore/OccurAnal.hs, line 2714
  OccurAnal failed to rediscover join point(s): [$j_s7Au]
WARNING: file compiler/simplCore/OccurAnal.hs, line 2714
  OccurAnal failed to rediscover join point(s): [$j_s7yx]
WARNING: file compiler/simplCore/OccurAnal.hs, line 2714
  OccurAnal failed to rediscover join point(s): [$j_s7vX]
WARNING: file compiler/simplCore/OccurAnal.hs, line 2714
  OccurAnal failed to rediscover join point(s): [$j_s7DA]
WARNING: file compiler/simplCore/OccurAnal.hs, line 2714
  OccurAnal failed to rediscover join point(s): [$j_s7CN]
WARNING: file compiler/simplCore/OccurAnal.hs, line 2714
  OccurAnal failed to rediscover join point(s): [$j_s7BQ]
[ 4 of 10] Compiling Numeric.Polynomial.Chebyshev ( Numeric/Polynomial/Chebyshev.hs, dist/dist-sandbox-1351b966/build/Numeric/Polynomial/Chebyshev.p_o )
WARNING: file compiler/simplCore/OccurAnal.hs, line 2714
  OccurAnal failed to rediscover join point(s): [$j_a8QQ]
WARNING: file compiler/simplCore/OccurAnal.hs, line 2714
  OccurAnal failed to rediscover join point(s): [$j_s8ZC]
WARNING: file compiler/simplCore/OccurAnal.hs, line 2714
  OccurAnal failed to rediscover join point(s): [$j_a8QQ]
WARNING: file compiler/simplCore/OccurAnal.hs, line 2714
  OccurAnal failed to rediscover join point(s): [$j_a8QQ]
WARNING: file compiler/simplCore/OccurAnal.hs, line 2714
  OccurAnal failed to rediscover join point(s): [$j_a8QQ]
WARNING: file compiler/simplCore/OccurAnal.hs, line 2714
  OccurAnal failed to rediscover join point(s): [$j_a8QQ]
WARNING: file compiler/simplCore/OccurAnal.hs, line 2714
  OccurAnal failed to rediscover join point(s): [$j_a8QQ]
[ 5 of 10] Compiling Numeric.RootFinding ( Numeric/RootFinding.hs, dist/dist-sandbox-1351b966/build/Numeric/RootFinding.p_o )
WARNING: file compiler/simplCore/SimplCore.hs, line 706
  Simplifier bailing out after 4 iterations [343, 58, 36, 1]
    Size = {terms: 1,997, types: 2,951, coercions: 415, joins: 8/34}
[ 6 of 10] Compiling Numeric.Series   ( Numeric/Series.hs, dist/dist-sandbox-1351b966/build/Numeric/Series.p_o )
WARNING: file compiler/simplCore/SimplCore.hs, line 706
  Simplifier bailing out after 4 iterations [359, 45, 24, 4]
    Size = {terms: 1,146, types: 1,543, coercions: 0, joins: 5/50}
WARNING: file compiler/simplCore/SimplCore.hs, line 706
  Simplifier bailing out after 4 iterations [214, 24, 7, 1]
    Size = {terms: 1,045, types: 1,343, coercions: 0, joins: 5/36}
[ 7 of 10] Compiling Numeric.SpecFunctions.Internal ( Numeric/SpecFunctions/Internal.hs, dist/dist-sandbox-1351b966/build/Numeric/SpecFunctions/Internal.p_o )

Numeric/SpecFunctions/Internal.hs:24:1: warning: [-Wunused-imports]
    The import of ‘expm1’ from module ‘GHC.Float’ is redundant
   |
24 | import GHC.Float (log1p,expm1)
   | ^^^^^^^^^^^^^^^^^^^^^^^^^^^^^^
WARNING: file compiler/simplCore/OccurAnal.hs, line 2714
  OccurAnal failed to rediscover join point(s): [$j_sttq]
WARNING: file compiler/simplCore/OccurAnal.hs, line 2714
  OccurAnal failed to rediscover join point(s): [$j_sttd]
WARNING: file compiler/simplCore/OccurAnal.hs, line 2714
  OccurAnal failed to rediscover join point(s): [$j_stIp]
WARNING: file compiler/simplCore/OccurAnal.hs, line 2714
  OccurAnal failed to rediscover join point(s): [$j_stFB]
WARNING: file compiler/simplCore/OccurAnal.hs, line 2714
  OccurAnal failed to rediscover join point(s): [$j_stFq]
WARNING: file compiler/simplCore/OccurAnal.hs, line 2714
  OccurAnal failed to rediscover join point(s): [$j_stFR]
WARNING: file compiler/simplCore/OccurAnal.hs, line 2714
  OccurAnal failed to rediscover join point(s): [$j_stIp]
WARNING: file compiler/simplCore/OccurAnal.hs, line 2714
  OccurAnal failed to rediscover join point(s): [$j_stFB]
WARNING: file compiler/simplCore/SimplCore.hs, line 706
  Simplifier bailing out after 4 iterations [6124, 393, 63, 4]
    Size = {terms: 10,283,
            types: 7,370,
            coercions: 1,126,
            joins: 54/242}
WARNING: file compiler/simplCore/OccurAnal.hs, line 2714
  OccurAnal failed to rediscover join point(s): [$j_stIp]
WARNING: file compiler/simplCore/OccurAnal.hs, line 2714
  OccurAnal failed to rediscover join point(s): [$j_stFB]
WARNING: file compiler/simplCore/OccurAnal.hs, line 2714
  OccurAnal failed to rediscover join point(s): [$j_suOr]
WARNING: file compiler/simplCore/OccurAnal.hs, line 2714
  OccurAnal failed to rediscover join point(s): [$j_svc4]
WARNING: file compiler/simplCore/OccurAnal.hs, line 2714
  OccurAnal failed to rediscover join point(s): [$j_sv1L]
WARNING: file compiler/simplCore/OccurAnal.hs, line 2714
  OccurAnal failed to rediscover join point(s): [$j_stIp]
WARNING: file compiler/simplCore/OccurAnal.hs, line 2714
  OccurAnal failed to rediscover join point(s): [$j_stFB]
WARNING: file compiler/simplCore/OccurAnal.hs, line 2714
  OccurAnal failed to rediscover join point(s): [go_ssDQ]
WARNING: file compiler/simplCore/OccurAnal.hs, line 2714
  OccurAnal failed to rediscover join point(s): [$j_svEm]
WARNING: file compiler/simplCore/OccurAnal.hs, line 2714
  OccurAnal failed to rediscover join point(s): [$j_svRv]
WARNING: file compiler/simplCore/OccurAnal.hs, line 2714
  OccurAnal failed to rediscover join point(s): [$j_stIp]
WARNING: file compiler/simplCore/OccurAnal.hs, line 2714
  OccurAnal failed to rediscover join point(s): [$j_svMr]
WARNING: file compiler/simplCore/OccurAnal.hs, line 2714
  OccurAnal failed to rediscover join point(s): [$j_stFB]
WARNING: file compiler/simplCore/OccurAnal.hs, line 2714
  OccurAnal failed to rediscover join point(s): [$j_svIt]
WARNING: file compiler/simplCore/OccurAnal.hs, line 2714
  OccurAnal failed to rediscover join point(s): [$j_svHb]
WARNING: file compiler/simplCore/OccurAnal.hs, line 2714
  OccurAnal failed to rediscover join point(s): [$j_svGh]
WARNING: file compiler/simplCore/OccurAnal.hs, line 2714
  OccurAnal failed to rediscover join point(s): [go_ssDQ]
WARNING: file compiler/simplCore/OccurAnal.hs, line 2714
  OccurAnal failed to rediscover join point(s): [$j_svCy]
WARNING: file compiler/simplCore/OccurAnal.hs, line 2714
  OccurAnal failed to rediscover join point(s): [$j_svBG]
WARNING: file compiler/simplCore/OccurAnal.hs, line 2714
  OccurAnal failed to rediscover join point(s): [$j_swFM]
WARNING: file compiler/simplCore/OccurAnal.hs, line 2714
  OccurAnal failed to rediscover join point(s): [$j_swEU]
WARNING: file compiler/simplCore/OccurAnal.hs, line 2714
  OccurAnal failed to rediscover join point(s): [$j_swE2]
WARNING: file compiler/simplCore/OccurAnal.hs, line 2714
  OccurAnal failed to rediscover join point(s): [$j_swDa]
WARNING: file compiler/simplCore/OccurAnal.hs, line 2714
  OccurAnal failed to rediscover join point(s): [$j_swBX]
WARNING: file compiler/simplCore/OccurAnal.hs, line 2714
  OccurAnal failed to rediscover join point(s): [$j_swAL]
WARNING: file compiler/simplCore/OccurAnal.hs, line 2714
  OccurAnal failed to rediscover join point(s): [$j_swy6]
WARNING: file compiler/simplCore/OccurAnal.hs, line 2714
  OccurAnal failed to rediscover join point(s): [$j_swtf]
WARNING: file compiler/simplCore/OccurAnal.hs, line 2714
  OccurAnal failed to rediscover join point(s): [$j_stIp]
WARNING: file compiler/simplCore/OccurAnal.hs, line 2714
  OccurAnal failed to rediscover join point(s): [$j_swoO]
WARNING: file compiler/simplCore/OccurAnal.hs, line 2714
  OccurAnal failed to rediscover join point(s): [$j_stFB]
WARNING: file compiler/simplCore/OccurAnal.hs, line 2714
  OccurAnal failed to rediscover join point(s): [$j_swlB]
WARNING: file compiler/simplCore/OccurAnal.hs, line 2714
  OccurAnal failed to rediscover join point(s): [$j_swkA]
WARNING: file compiler/simplCore/OccurAnal.hs, line 2714
  OccurAnal failed to rediscover join point(s): [$j_swjV]
WARNING: file compiler/simplCore/OccurAnal.hs, line 2714
  OccurAnal failed to rediscover join point(s): [go_ssDQ]
WARNING: file compiler/simplCore/OccurAnal.hs, line 2714
  OccurAnal failed to rediscover join point(s): [$j_swgV]
WARNING: file compiler/simplCore/OccurAnal.hs, line 2714
  OccurAnal failed to rediscover join point(s): [$j_swgg]
WARNING: file compiler/simplCore/SimplCore.hs, line 706
  Simplifier bailing out after 4 iterations [13159, 603, 233, 121]
    Size = {terms: 15,053,
            types: 16,040,
            coercions: 3,236,
            joins: 63/392}
WARNING: file compiler/simplCore/OccurAnal.hs, line 2714
  OccurAnal failed to rediscover join point(s): [$j_stIp]
WARNING: file compiler/simplCore/OccurAnal.hs, line 2714
  OccurAnal failed to rediscover join point(s): [$j_stFB]
WARNING: file compiler/simplCore/OccurAnal.hs, line 2714
  OccurAnal failed to rediscover join point(s): [go_ssDQ]
WARNING: file compiler/simplCore/OccurAnal.hs, line 2714
  OccurAnal failed to rediscover join point(s): [$j_stIp]
WARNING: file compiler/simplCore/OccurAnal.hs, line 2714
  OccurAnal failed to rediscover join point(s): [$j_stFB]
WARNING: file compiler/simplCore/OccurAnal.hs, line 2714
  OccurAnal failed to rediscover join point(s): [go_ssDQ]
WARNING: file compiler/simplCore/OccurAnal.hs, line 2714
  OccurAnal failed to rediscover join point(s): [$j_sxMD]
WARNING: file compiler/simplCore/OccurAnal.hs, line 2714
  OccurAnal failed to rediscover join point(s): [$j_stIp]
WARNING: file compiler/simplCore/OccurAnal.hs, line 2714
  OccurAnal failed to rediscover join point(s): [$j_sxHC]
WARNING: file compiler/simplCore/OccurAnal.hs, line 2714
  OccurAnal failed to rediscover join point(s): [$j_stFB]
WARNING: file compiler/simplCore/OccurAnal.hs, line 2714
  OccurAnal failed to rediscover join point(s): [$j_sxDP]
WARNING: file compiler/simplCore/OccurAnal.hs, line 2714
  OccurAnal failed to rediscover join point(s): [$j_sxCb]
WARNING: file compiler/simplCore/OccurAnal.hs, line 2714
  OccurAnal failed to rediscover join point(s): [$j_sxAW]
WARNING: file compiler/simplCore/OccurAnal.hs, line 2714
  OccurAnal failed to rediscover join point(s): [go_ssDQ]
WARNING: file compiler/simplCore/OccurAnal.hs, line 2714
  OccurAnal failed to rediscover join point(s): [$j_sxwA]
WARNING: file compiler/simplCore/OccurAnal.hs, line 2714
  OccurAnal failed to rediscover join point(s): [$j_sxvl]
WARNING: file compiler/simplCore/OccurAnal.hs, line 2714
  OccurAnal failed to rediscover join point(s): [$j_sxs4]
WARNING: file compiler/simplCore/OccurAnal.hs, line 2714
  OccurAnal failed to rediscover join point(s): [$j_sxnY]
WARNING: file compiler/simplCore/OccurAnal.hs, line 2714
  OccurAnal failed to rediscover join point(s): [$j_sxMD]
WARNING: file compiler/simplCore/OccurAnal.hs, line 2714
  OccurAnal failed to rediscover join point(s): [$j_stIp]
WARNING: file compiler/simplCore/OccurAnal.hs, line 2714
  OccurAnal failed to rediscover join point(s): [$j_sxHC]
WARNING: file compiler/simplCore/OccurAnal.hs, line 2714
  OccurAnal failed to rediscover join point(s): [$j_stFB]
WARNING: file compiler/simplCore/OccurAnal.hs, line 2714
  OccurAnal failed to rediscover join point(s): [$j_sxDP]
WARNING: file compiler/simplCore/OccurAnal.hs, line 2714
  OccurAnal failed to rediscover join point(s): [$j_sxCb]
WARNING: file compiler/simplCore/OccurAnal.hs, line 2714
  OccurAnal failed to rediscover join point(s): [$j_sxAW]
WARNING: file compiler/simplCore/OccurAnal.hs, line 2714
  OccurAnal failed to rediscover join point(s): [go_ssDQ]
WARNING: file compiler/simplCore/OccurAnal.hs, line 2714
  OccurAnal failed to rediscover join point(s): [$j_sxwA]
WARNING: file compiler/simplCore/OccurAnal.hs, line 2714
  OccurAnal failed to rediscover join point(s): [$j_sxvl]
WARNING: file compiler/simplCore/OccurAnal.hs, line 2714
  OccurAnal failed to rediscover join point(s): [$j_sxs4]
WARNING: file compiler/simplCore/OccurAnal.hs, line 2714
  OccurAnal failed to rediscover join point(s): [$j_sxnY]
WARNING: file compiler/simplCore/OccurAnal.hs, line 2714
  OccurAnal failed to rediscover join point(s): [go_ssDQ]
WARNING: file compiler/simplCore/OccurAnal.hs, line 2714
  OccurAnal failed to rediscover join point(s): [$j_sxq9]
WARNING: file compiler/simplCore/OccurAnal.hs, line 2714
  OccurAnal failed to rediscover join point(s): [$j_sxm2]
WARNING: file compiler/simplCore/OccurAnal.hs, line 2714
  OccurAnal failed to rediscover join point(s): [foldlM'_loop_a8SQ]
WARNING: file compiler/simplCore/OccurAnal.hs, line 2714
  OccurAnal failed to rediscover join point(s): [$j_sA4z]
WARNING: file compiler/simplCore/OccurAnal.hs, line 2714
  OccurAnal failed to rediscover join point(s): [$j_sxMD]
WARNING: file compiler/simplCore/OccurAnal.hs, line 2714
  OccurAnal failed to rediscover join point(s): [$j_sxHC]
WARNING: file compiler/simplCore/OccurAnal.hs, line 2714
  OccurAnal failed to rediscover join point(s): [foldlM'_loop_a8SQ]
WARNING: file compiler/simplCore/OccurAnal.hs, line 2714
  OccurAnal failed to rediscover join point(s): [$j_stFB]
WARNING: file compiler/simplCore/OccurAnal.hs, line 2714
  OccurAnal failed to rediscover join point(s): [$j_sxDP]
WARNING: file compiler/simplCore/OccurAnal.hs, line 2714
  OccurAnal failed to rediscover join point(s): [$j_sxCb]
WARNING: file compiler/simplCore/OccurAnal.hs, line 2714
  OccurAnal failed to rediscover join point(s): [$j_sxAW]
WARNING: file compiler/simplCore/OccurAnal.hs, line 2714
  OccurAnal failed to rediscover join point(s): [go_ssDQ]
WARNING: file compiler/simplCore/OccurAnal.hs, line 2714
  OccurAnal failed to rediscover join point(s): [$j_sxwA]
WARNING: file compiler/simplCore/OccurAnal.hs, line 2714
  OccurAnal failed to rediscover join point(s): [$j_sxvl]
WARNING: file compiler/simplCore/OccurAnal.hs, line 2714
  OccurAnal failed to rediscover join point(s): [$j_sxs4]
WARNING: file compiler/simplCore/OccurAnal.hs, line 2714
  OccurAnal failed to rediscover join point(s): [$j_sxnY]
WARNING: file compiler/simplCore/OccurAnal.hs, line 2714
  OccurAnal failed to rediscover join point(s): [foldlM'_loop_a8SQ]
WARNING: file compiler/simplCore/OccurAnal.hs, line 2714
  OccurAnal failed to rediscover join point(s): [$j_sA4z]
WARNING: file compiler/simplCore/OccurAnal.hs, line 2714
  OccurAnal failed to rediscover join point(s): [$j_sxMD]
WARNING: file compiler/simplCore/OccurAnal.hs, line 2714
  OccurAnal failed to rediscover join point(s): [$j_sxHC]
WARNING: file compiler/simplCore/OccurAnal.hs, line 2714
  OccurAnal failed to rediscover join point(s): [foldlM'_loop_a8SQ]
WARNING: file compiler/simplCore/OccurAnal.hs, line 2714
  OccurAnal failed to rediscover join point(s): [$j_stFB]
WARNING: file compiler/simplCore/OccurAnal.hs, line 2714
  OccurAnal failed to rediscover join point(s): [$j_sxDP]
WARNING: file compiler/simplCore/OccurAnal.hs, line 2714
  OccurAnal failed to rediscover join point(s): [$j_sxCb]
WARNING: file compiler/simplCore/OccurAnal.hs, line 2714
  OccurAnal failed to rediscover join point(s): [$j_sxAW]
WARNING: file compiler/simplCore/OccurAnal.hs, line 2714
  OccurAnal failed to rediscover join point(s): [go_ssDQ]
WARNING: file compiler/simplCore/OccurAnal.hs, line 2714
  OccurAnal failed to rediscover join point(s): [$j_sxwA]
WARNING: file compiler/simplCore/OccurAnal.hs, line 2714
  OccurAnal failed to rediscover join point(s): [$j_sxvl]
WARNING: file compiler/simplCore/OccurAnal.hs, line 2714
  OccurAnal failed to rediscover join point(s): [$j_sxs4]
WARNING: file compiler/simplCore/OccurAnal.hs, line 2714
  OccurAnal failed to rediscover join point(s): [$j_sxnY]
WARNING: file compiler/stranal/WorkWrap.hs, line 495
  $j_ssEo 2
          [<L,U(U)>]
WARNING: file compiler/stranal/WorkWrap.hs, line 495
  $j_ssEZ 2
          [<L,U(U)>]
WARNING: file compiler/stranal/WorkWrap.hs, line 495
  $j_ssFz 2
          [<L,U(U)>]
WARNING: file compiler/simplCore/OccurAnal.hs, line 2714
  OccurAnal failed to rediscover join point(s): [$wfoldlM'_loop_sBtC,
                                                 foldlM'_loop_a8SQ]
WARNING: file compiler/simplCore/OccurAnal.hs, line 2714
  OccurAnal failed to rediscover join point(s): [$j_sA4z]
WARNING: file compiler/simplCore/OccurAnal.hs, line 2714
  OccurAnal failed to rediscover join point(s): [$j_sxMD]
WARNING: file compiler/simplCore/OccurAnal.hs, line 2714
  OccurAnal failed to rediscover join point(s): [$j_sxHC]
WARNING: file compiler/simplCore/OccurAnal.hs, line 2714
  OccurAnal failed to rediscover join point(s): [$wfoldlM'_loop_sBkY,
                                                 foldlM'_loop_a8SQ]
WARNING: file compiler/simplCore/OccurAnal.hs, line 2714
  OccurAnal failed to rediscover join point(s): [$j_stFB]
WARNING: file compiler/simplCore/OccurAnal.hs, line 2714
  OccurAnal failed to rediscover join point(s): [$j_sxDP]
WARNING: file compiler/simplCore/OccurAnal.hs, line 2714
  OccurAnal failed to rediscover join point(s): [$j_sxCb]
WARNING: file compiler/simplCore/OccurAnal.hs, line 2714
  OccurAnal failed to rediscover join point(s): [$j_sxAW]
WARNING: file compiler/simplCore/OccurAnal.hs, line 2714
  OccurAnal failed to rediscover join point(s): [$wgo_sBfK, go_ssDQ]
WARNING: file compiler/simplCore/OccurAnal.hs, line 2714
  OccurAnal failed to rediscover join point(s): [$j_sxwA]
WARNING: file compiler/simplCore/OccurAnal.hs, line 2714
  OccurAnal failed to rediscover join point(s): [$j_sxvl]
WARNING: file compiler/simplCore/OccurAnal.hs, line 2714
  OccurAnal failed to rediscover join point(s): [$j_sxs4]
WARNING: file compiler/simplCore/OccurAnal.hs, line 2714
  OccurAnal failed to rediscover join point(s): [$j_sxnY]
WARNING: file compiler/simplCore/OccurAnal.hs, line 2714
  OccurAnal failed to rediscover join point(s): [$wfoldlM'_loop_sBtC]
WARNING: file compiler/simplCore/OccurAnal.hs, line 2714
  OccurAnal failed to rediscover join point(s): [$w$j_sBsd]
WARNING: file compiler/simplCore/OccurAnal.hs, line 2714
  OccurAnal failed to rediscover join point(s): [$j_sxMD]
WARNING: file compiler/simplCore/OccurAnal.hs, line 2714
  OccurAnal failed to rediscover join point(s): [$j_sBT9]
WARNING: file compiler/simplCore/OccurAnal.hs, line 2714
  OccurAnal failed to rediscover join point(s): [$j_sxHC]
WARNING: file compiler/simplCore/OccurAnal.hs, line 2714
  OccurAnal failed to rediscover join point(s): [$wfoldlM'_loop_sBkY]
WARNING: file compiler/simplCore/OccurAnal.hs, line 2714
  OccurAnal failed to rediscover join point(s): [$j_stFB]
WARNING: file compiler/simplCore/OccurAnal.hs, line 2714
  OccurAnal failed to rediscover join point(s): [$j_sxDP]
WARNING: file compiler/simplCore/OccurAnal.hs, line 2714
  OccurAnal failed to rediscover join point(s): [$j_sxCb]
WARNING: file compiler/simplCore/OccurAnal.hs, line 2714
  OccurAnal failed to rediscover join point(s): [$j_sxAW]
WARNING: file compiler/simplCore/OccurAnal.hs, line 2714
  OccurAnal failed to rediscover join point(s): [$wgo_sBfK]
WARNING: file compiler/simplCore/OccurAnal.hs, line 2714
  OccurAnal failed to rediscover join point(s): [$j_sxwA]
WARNING: file compiler/simplCore/OccurAnal.hs, line 2714
  OccurAnal failed to rediscover join point(s): [$j_sxvl]
WARNING: file compiler/simplCore/OccurAnal.hs, line 2714
  OccurAnal failed to rediscover join point(s): [$j_sxs4]
WARNING: file compiler/simplCore/OccurAnal.hs, line 2714
  OccurAnal failed to rediscover join point(s): [$j_sxnY]
WARNING: file compiler/simplCore/OccurAnal.hs, line 2714
  OccurAnal failed to rediscover join point(s): [$wfoldlM'_loop_sBtC]
WARNING: file compiler/simplCore/OccurAnal.hs, line 2714
  OccurAnal failed to rediscover join point(s): [$w$j_sBsd]
WARNING: file compiler/simplCore/OccurAnal.hs, line 2714
  OccurAnal failed to rediscover join point(s): [$j_sxMD]
WARNING: file compiler/simplCore/OccurAnal.hs, line 2714
  OccurAnal failed to rediscover join point(s): [$wloop_sBoQ]
WARNING: file compiler/simplCore/OccurAnal.hs, line 2714
  OccurAnal failed to rediscover join point(s): [$j_szXL]
WARNING: file compiler/simplCore/OccurAnal.hs, line 2714
  OccurAnal failed to rediscover join point(s): [$j_sxHC]
WARNING: file compiler/simplCore/OccurAnal.hs, line 2714
  OccurAnal failed to rediscover join point(s): [$wfoldlM'_loop_sBkY]
WARNING: file compiler/simplCore/OccurAnal.hs, line 2714
  OccurAnal failed to rediscover join point(s): [$j_stFB]
WARNING: file compiler/simplCore/OccurAnal.hs, line 2714
  OccurAnal failed to rediscover join point(s): [$j_sxDP]
WARNING: file compiler/simplCore/OccurAnal.hs, line 2714
  OccurAnal failed to rediscover join point(s): [$j_sxCb]
WARNING: file compiler/simplCore/OccurAnal.hs, line 2714
  OccurAnal failed to rediscover join point(s): [$j_sxAW]
WARNING: file compiler/simplCore/OccurAnal.hs, line 2714
  OccurAnal failed to rediscover join point(s): [$wgo_sBfK]
WARNING: file compiler/simplCore/OccurAnal.hs, line 2714
  OccurAnal failed to rediscover join point(s): [$j_sxwA]
WARNING: file compiler/simplCore/OccurAnal.hs, line 2714
  OccurAnal failed to rediscover join point(s): [$j_sxvl]
WARNING: file compiler/simplCore/OccurAnal.hs, line 2714
  OccurAnal failed to rediscover join point(s): [$j_sxs4]
WARNING: file compiler/simplCore/OccurAnal.hs, line 2714
  OccurAnal failed to rediscover join point(s): [$j_sxq9]
WARNING: file compiler/simplCore/OccurAnal.hs, line 2714
  OccurAnal failed to rediscover join point(s): [$j_sxnY]
WARNING: file compiler/simplCore/OccurAnal.hs, line 2714
  OccurAnal failed to rediscover join point(s): [$j_sxm2]
WARNING: file compiler/simplCore/OccurAnal.hs, line 2714
  OccurAnal failed to rediscover join point(s): [$wfoldlM'_loop_sBtC]
WARNING: file compiler/simplCore/OccurAnal.hs, line 2714
  OccurAnal failed to rediscover join point(s): [$w$j_sBsd]
WARNING: file compiler/simplCore/OccurAnal.hs, line 2714
  OccurAnal failed to rediscover join point(s): [$j_sxMD]
WARNING: file compiler/simplCore/OccurAnal.hs, line 2714
  OccurAnal failed to rediscover join point(s): [$wloop_sBoQ]
WARNING: file compiler/simplCore/OccurAnal.hs, line 2714
  OccurAnal failed to rediscover join point(s): [$j_szXL]
WARNING: file compiler/simplCore/OccurAnal.hs, line 2714
  OccurAnal failed to rediscover join point(s): [$j_sxHC]
WARNING: file compiler/simplCore/OccurAnal.hs, line 2714
  OccurAnal failed to rediscover join point(s): [$wfoldlM'_loop_sBkY]
WARNING: file compiler/simplCore/OccurAnal.hs, line 2714
  OccurAnal failed to rediscover join point(s): [$j_stFB]
WARNING: file compiler/simplCore/OccurAnal.hs, line 2714
  OccurAnal failed to rediscover join point(s): [$j_sxDP]
WARNING: file compiler/simplCore/OccurAnal.hs, line 2714
  OccurAnal failed to rediscover join point(s): [$j_sxCb]
WARNING: file compiler/simplCore/OccurAnal.hs, line 2714
  OccurAnal failed to rediscover join point(s): [$j_sxAW]
WARNING: file compiler/simplCore/OccurAnal.hs, line 2714
  OccurAnal failed to rediscover join point(s): [$wgo_sBfK]
WARNING: file compiler/simplCore/OccurAnal.hs, line 2714
  OccurAnal failed to rediscover join point(s): [$j_sxwA]
WARNING: file compiler/simplCore/OccurAnal.hs, line 2714
  OccurAnal failed to rediscover join point(s): [$j_sxvl]
WARNING: file compiler/simplCore/OccurAnal.hs, line 2714
  OccurAnal failed to rediscover join point(s): [$j_sxs4]
WARNING: file compiler/simplCore/OccurAnal.hs, line 2714
  OccurAnal failed to rediscover join point(s): [$j_sxq9]
WARNING: file compiler/simplCore/OccurAnal.hs, line 2714
  OccurAnal failed to rediscover join point(s): [$j_sxnY]
WARNING: file compiler/simplCore/OccurAnal.hs, line 2714
  OccurAnal failed to rediscover join point(s): [$j_sxm2]
WARNING: file compiler/simplCore/SimplCore.hs, line 706
  Simplifier bailing out after 4 iterations [2638, 173, 28, 13]
    Size = {terms: 15,601,
            types: 13,980,
            coercions: 4,033,
            joins: 122/408}
WARNING: file compiler/simplCore/OccurAnal.hs, line 2714
  OccurAnal failed to rediscover join point(s): [$w$j_sBsd]
WARNING: file compiler/simplCore/OccurAnal.hs, line 2714
  OccurAnal failed to rediscover join point(s): [$wloop_sBoQ]
WARNING: file compiler/simplCore/OccurAnal.hs, line 2714
  OccurAnal failed to rediscover join point(s): [$j_szXL]
WARNING: file compiler/simplCore/OccurAnal.hs, line 2714
  OccurAnal failed to rediscover join point(s): [$wgo_sBfK]
WARNING: file compiler/simplCore/OccurAnal.hs, line 2714
  OccurAnal failed to rediscover join point(s): [$j_sxq9]
WARNING: file compiler/simplCore/OccurAnal.hs, line 2714
  OccurAnal failed to rediscover join point(s): [$j_sxm2]
WARNING: file compiler/simplCore/OccurAnal.hs, line 2714
  OccurAnal failed to rediscover join point(s): [$wfoldlM'_loop_sBtC]
WARNING: file compiler/simplCore/OccurAnal.hs, line 2714
  OccurAnal failed to rediscover join point(s): [$w$j_sBsd]
WARNING: file compiler/simplCore/OccurAnal.hs, line 2714
  OccurAnal failed to rediscover join point(s): [$j_sxMD]
WARNING: file compiler/simplCore/OccurAnal.hs, line 2714
  OccurAnal failed to rediscover join point(s): [$wloop_sBoQ]
WARNING: file compiler/simplCore/OccurAnal.hs, line 2714
  OccurAnal failed to rediscover join point(s): [$j_szXL]
WARNING: file compiler/simplCore/OccurAnal.hs, line 2714
  OccurAnal failed to rediscover join point(s): [$j_sxHC]
WARNING: file compiler/simplCore/OccurAnal.hs, line 2714
  OccurAnal failed to rediscover join point(s): [$wfoldlM'_loop_sBkY]
WARNING: file compiler/simplCore/OccurAnal.hs, line 2714
  OccurAnal failed to rediscover join point(s): [$j_stFB]
WARNING: file compiler/simplCore/OccurAnal.hs, line 2714
  OccurAnal failed to rediscover join point(s): [$j_sxDP]
WARNING: file compiler/simplCore/OccurAnal.hs, line 2714
  OccurAnal failed to rediscover join point(s): [$j_sxCb]
WARNING: file compiler/simplCore/OccurAnal.hs, line 2714
  OccurAnal failed to rediscover join point(s): [$j_sxAW]
WARNING: file compiler/simplCore/OccurAnal.hs, line 2714
  OccurAnal failed to rediscover join point(s): [$wgo_sBfK]
WARNING: file compiler/simplCore/OccurAnal.hs, line 2714
  OccurAnal failed to rediscover join point(s): [$j_sxwA]
WARNING: file compiler/simplCore/OccurAnal.hs, line 2714
  OccurAnal failed to rediscover join point(s): [$j_sxvl]
WARNING: file compiler/simplCore/OccurAnal.hs, line 2714
  OccurAnal failed to rediscover join point(s): [$j_sxs4]
WARNING: file compiler/simplCore/OccurAnal.hs, line 2714
  OccurAnal failed to rediscover join point(s): [$j_sxq9]
WARNING: file compiler/simplCore/OccurAnal.hs, line 2714
  OccurAnal failed to rediscover join point(s): [$j_sxnY]
WARNING: file compiler/simplCore/OccurAnal.hs, line 2714
  OccurAnal failed to rediscover join point(s): [$j_sxm2]
WARNING: file compiler/simplCore/OccurAnal.hs, line 2714
  OccurAnal failed to rediscover join point(s): [$wfoldlM'_loop_sBtC]
WARNING: file compiler/simplCore/OccurAnal.hs, line 2714
  OccurAnal failed to rediscover join point(s): [$w$j_sBsd]
WARNING: file compiler/simplCore/OccurAnal.hs, line 2714
  OccurAnal failed to rediscover join point(s): [$j_sxMD]
WARNING: file compiler/simplCore/OccurAnal.hs, line 2714
  OccurAnal failed to rediscover join point(s): [$wloop_sBoQ]
WARNING: file compiler/simplCore/OccurAnal.hs, line 2714
  OccurAnal failed to rediscover join point(s): [$j_szXL]
WARNING: file compiler/simplCore/OccurAnal.hs, line 2714
  OccurAnal failed to rediscover join point(s): [$j_sxHC]
WARNING: file compiler/simplCore/OccurAnal.hs, line 2714
  OccurAnal failed to rediscover join point(s): [$wfoldlM'_loop_sBkY]
WARNING: file compiler/simplCore/OccurAnal.hs, line 2714
  OccurAnal failed to rediscover join point(s): [$j_stFB]
WARNING: file compiler/simplCore/OccurAnal.hs, line 2714
  OccurAnal failed to rediscover join point(s): [$j_sxDP]
WARNING: file compiler/simplCore/OccurAnal.hs, line 2714
  OccurAnal failed to rediscover join point(s): [$j_sxCb]
WARNING: file compiler/simplCore/OccurAnal.hs, line 2714
  OccurAnal failed to rediscover join point(s): [$j_sxAW]
WARNING: file compiler/simplCore/OccurAnal.hs, line 2714
  OccurAnal failed to rediscover join point(s): [$wgo_sBfK]
WARNING: file compiler/simplCore/OccurAnal.hs, line 2714
  OccurAnal failed to rediscover join point(s): [$j_sxwA]
WARNING: file compiler/simplCore/OccurAnal.hs, line 2714
  OccurAnal failed to rediscover join point(s): [$j_sxvl]
WARNING: file compiler/simplCore/OccurAnal.hs, line 2714
  OccurAnal failed to rediscover join point(s): [$j_sxs4]
WARNING: file compiler/simplCore/OccurAnal.hs, line 2714
  OccurAnal failed to rediscover join point(s): [$j_sxq9]
WARNING: file compiler/simplCore/OccurAnal.hs, line 2714
  OccurAnal failed to rediscover join point(s): [$j_sxnY]
WARNING: file compiler/simplCore/OccurAnal.hs, line 2714
  OccurAnal failed to rediscover join point(s): [$j_sxm2]
WARNING: file compiler/simplCore/OccurAnal.hs, line 2714
  OccurAnal failed to rediscover join point(s): [$s$wfoldlM'_loop_sFos,
                                                 $wfoldlM'_loop_sBtC]
WARNING: file compiler/simplCore/OccurAnal.hs, line 2714
  OccurAnal failed to rediscover join point(s): [$w$j_sBsd]
WARNING: file compiler/simplCore/OccurAnal.hs, line 2714
  OccurAnal failed to rediscover join point(s): [$j_sxMD]
WARNING: file compiler/simplCore/OccurAnal.hs, line 2714
  OccurAnal failed to rediscover join point(s): [$wloop_sBoQ]
WARNING: file compiler/simplCore/OccurAnal.hs, line 2714
  OccurAnal failed to rediscover join point(s): [$j_szXL]
WARNING: file compiler/simplCore/OccurAnal.hs, line 2714
  OccurAnal failed to rediscover join point(s): [$j_sxHC]
WARNING: file compiler/simplCore/OccurAnal.hs, line 2714
  OccurAnal failed to rediscover join point(s): [$s$wfoldlM'_loop_sFxT,
                                                 $wfoldlM'_loop_sBkY]
WARNING: file compiler/simplCore/OccurAnal.hs, line 2714
  OccurAnal failed to rediscover join point(s): [$j_stFB]
WARNING: file compiler/simplCore/OccurAnal.hs, line 2714
  OccurAnal failed to rediscover join point(s): [$j_sxDP]
WARNING: file compiler/simplCore/OccurAnal.hs, line 2714
  OccurAnal failed to rediscover join point(s): [$j_sxCb]
WARNING: file compiler/simplCore/OccurAnal.hs, line 2714
  OccurAnal failed to rediscover join point(s): [$j_sxAW]
WARNING: file compiler/simplCore/OccurAnal.hs, line 2714
  OccurAnal failed to rediscover join point(s): [$wgo_sBfK]
WARNING: file compiler/simplCore/OccurAnal.hs, line 2714
  OccurAnal failed to rediscover join point(s): [$j_sxwA]
WARNING: file compiler/simplCore/OccurAnal.hs, line 2714
  OccurAnal failed to rediscover join point(s): [$j_sxvl]
WARNING: file compiler/simplCore/OccurAnal.hs, line 2714
  OccurAnal failed to rediscover join point(s): [$j_sxs4]
WARNING: file compiler/simplCore/OccurAnal.hs, line 2714
  OccurAnal failed to rediscover join point(s): [$j_sxq9]
WARNING: file compiler/simplCore/OccurAnal.hs, line 2714
  OccurAnal failed to rediscover join point(s): [$j_sxs4]
WARNING: file compiler/simplCore/OccurAnal.hs, line 2714
  OccurAnal failed to rediscover join point(s): [$j_sxq9]
WARNING: file compiler/simplCore/OccurAnal.hs, line 2714
  OccurAnal failed to rediscover join point(s): [$j_sxnY]
WARNING: file compiler/simplCore/OccurAnal.hs, line 2714
  OccurAnal failed to rediscover join point(s): [$j_sxm2]
WARNING: file compiler/simplCore/OccurAnal.hs, line 2714
  OccurAnal failed to rediscover join point(s): [$j_sxnY]
WARNING: file compiler/simplCore/OccurAnal.hs, line 2714
  OccurAnal failed to rediscover join point(s): [$j_sxm2]
WARNING: file compiler/simplCore/OccurAnal.hs, line 2714
  OccurAnal failed to rediscover join point(s): [$s$wfoldlM'_loop_sFos]
WARNING: file compiler/simplCore/OccurAnal.hs, line 2714
  OccurAnal failed to rediscover join point(s): [$w$j_sBsd]
WARNING: file compiler/simplCore/OccurAnal.hs, line 2714
  OccurAnal failed to rediscover join point(s): [$j_sxMD]
WARNING: file compiler/simplCore/OccurAnal.hs, line 2714
  OccurAnal failed to rediscover join point(s): [$wloop_sBoQ]
WARNING: file compiler/simplCore/OccurAnal.hs, line 2714
  OccurAnal failed to rediscover join point(s): [$j_szXL]
WARNING: file compiler/simplCore/OccurAnal.hs, line 2714
  OccurAnal failed to rediscover join point(s): [$j_sxHC]
WARNING: file compiler/simplCore/OccurAnal.hs, line 2714
  OccurAnal failed to rediscover join point(s): [$s$wfoldlM'_loop_sFxT]
WARNING: file compiler/simplCore/OccurAnal.hs, line 2714
  OccurAnal failed to rediscover join point(s): [$j_stFB]
WARNING: file compiler/simplCore/OccurAnal.hs, line 2714
  OccurAnal failed to rediscover join point(s): [$j_sxDP]
WARNING: file compiler/simplCore/OccurAnal.hs, line 2714
  OccurAnal failed to rediscover join point(s): [$j_sxCb]
WARNING: file compiler/simplCore/OccurAnal.hs, line 2714
  OccurAnal failed to rediscover join point(s): [$j_sxAW]
WARNING: file compiler/simplCore/OccurAnal.hs, line 2714
  OccurAnal failed to rediscover join point(s): [$wgo_sBfK]
WARNING: file compiler/simplCore/OccurAnal.hs, line 2714
  OccurAnal failed to rediscover join point(s): [$j_sxwA]
WARNING: file compiler/simplCore/OccurAnal.hs, line 2714
  OccurAnal failed to rediscover join point(s): [$j_sxvl]
WARNING: file compiler/simplCore/OccurAnal.hs, line 2714
  OccurAnal failed to rediscover join point(s): [$s$j_sFE7]
WARNING: file compiler/simplCore/OccurAnal.hs, line 2714
  OccurAnal failed to rediscover join point(s): [$s$j_sFDG]
WARNING: file compiler/simplCore/OccurAnal.hs, line 2714
  OccurAnal failed to rediscover join point(s): [$s$j_sFFl]
WARNING: file compiler/simplCore/OccurAnal.hs, line 2714
  OccurAnal failed to rediscover join point(s): [$s$j_sFEU]
WARNING: file compiler/simplCore/OccurAnal.hs, line 2714
  OccurAnal failed to rediscover join point(s): [$s$wfoldlM'_loop_sFos]
WARNING: file compiler/simplCore/OccurAnal.hs, line 2714
  OccurAnal failed to rediscover join point(s): [$w$j_sBsd]
WARNING: file compiler/simplCore/OccurAnal.hs, line 2714
  OccurAnal failed to rediscover join point(s): [$j_sxMD]
WARNING: file compiler/simplCore/OccurAnal.hs, line 2714
  OccurAnal failed to rediscover join point(s): [$wloop_sBoQ]
WARNING: file compiler/simplCore/OccurAnal.hs, line 2714
  OccurAnal failed to rediscover join point(s): [$j_szXL]
WARNING: file compiler/simplCore/OccurAnal.hs, line 2714
  OccurAnal failed to rediscover join point(s): [$j_sxHC]
WARNING: file compiler/simplCore/OccurAnal.hs, line 2714
  OccurAnal failed to rediscover join point(s): [$s$wfoldlM'_loop_sFxT]
WARNING: file compiler/simplCore/OccurAnal.hs, line 2714
  OccurAnal failed to rediscover join point(s): [$j_stFB]
WARNING: file compiler/simplCore/OccurAnal.hs, line 2714
  OccurAnal failed to rediscover join point(s): [$j_sxDP]
WARNING: file compiler/simplCore/OccurAnal.hs, line 2714
  OccurAnal failed to rediscover join point(s): [$j_sxCb]
WARNING: file compiler/simplCore/OccurAnal.hs, line 2714
  OccurAnal failed to rediscover join point(s): [$j_sxAW]
WARNING: file compiler/simplCore/OccurAnal.hs, line 2714
  OccurAnal failed to rediscover join point(s): [$wgo_sBfK]
WARNING: file compiler/simplCore/OccurAnal.hs, line 2714
  OccurAnal failed to rediscover join point(s): [$j_sxwA]
WARNING: file compiler/simplCore/OccurAnal.hs, line 2714
  OccurAnal failed to rediscover join point(s): [$j_sxvl]
WARNING: file compiler/simplCore/OccurAnal.hs, line 2714
  OccurAnal failed to rediscover join point(s): [$s$j_sFE7]
WARNING: file compiler/simplCore/OccurAnal.hs, line 2714
  OccurAnal failed to rediscover join point(s): [$s$j_sFFl]
WARNING: file compiler/simplCore/OccurAnal.hs, line 2714
  OccurAnal failed to rediscover join point(s): [$s$wfoldlM'_loop_sFos]
WARNING: file compiler/simplCore/OccurAnal.hs, line 2714
  OccurAnal failed to rediscover join point(s): [$w$j_sBsd]
WARNING: file compiler/simplCore/OccurAnal.hs, line 2714
  OccurAnal failed to rediscover join point(s): [$j_sxMD]
WARNING: file compiler/simplCore/OccurAnal.hs, line 2714
  OccurAnal failed to rediscover join point(s): [$wloop_sBoQ]
WARNING: file compiler/simplCore/OccurAnal.hs, line 2714
  OccurAnal failed to rediscover join point(s): [$j_szXL]
WARNING: file compiler/simplCore/OccurAnal.hs, line 2714
  OccurAnal failed to rediscover join point(s): [$j_sxHC]
WARNING: file compiler/simplCore/OccurAnal.hs, line 2714
  OccurAnal failed to rediscover join point(s): [$s$wfoldlM'_loop_sFxT]
WARNING: file compiler/simplCore/OccurAnal.hs, line 2714
  OccurAnal failed to rediscover join point(s): [$j_stFB]
WARNING: file compiler/simplCore/OccurAnal.hs, line 2714
  OccurAnal failed to rediscover join point(s): [$j_sxDP]
WARNING: file compiler/simplCore/OccurAnal.hs, line 2714
  OccurAnal failed to rediscover join point(s): [$j_sxCb]
WARNING: file compiler/simplCore/OccurAnal.hs, line 2714
  OccurAnal failed to rediscover join point(s): [$j_sxAW]
WARNING: file compiler/simplCore/OccurAnal.hs, line 2714
  OccurAnal failed to rediscover join point(s): [$wgo_sBfK]
WARNING: file compiler/simplCore/OccurAnal.hs, line 2714
  OccurAnal failed to rediscover join point(s): [$j_sxwA]
WARNING: file compiler/simplCore/OccurAnal.hs, line 2714
  OccurAnal failed to rediscover join point(s): [$j_sxvl]
WARNING: file compiler/simplCore/OccurAnal.hs, line 2714
  OccurAnal failed to rediscover join point(s): [$s$j_sFE7]
WARNING: file compiler/simplCore/OccurAnal.hs, line 2714
  OccurAnal failed to rediscover join point(s): [$s$j_sFFl]
WARNING: file compiler/simplCore/SimplCore.hs, line 706
  Simplifier bailing out after 4 iterations [1905, 34, 6, 21]
    Size = {terms: 16,331,
            types: 14,290,
            coercions: 3,881,
            joins: 135/515}
WARNING: file compiler/simplCore/OccurAnal.hs, line 2714
  OccurAnal failed to rediscover join point(s): [$s$wfoldlM'_loop_sFxT]
WARNING: file compiler/simplCore/OccurAnal.hs, line 2714
  OccurAnal failed to rediscover join point(s): [$s$wfoldlM'_loop_sFos]
WARNING: file compiler/simplCore/OccurAnal.hs, line 2714
  OccurAnal failed to rediscover join point(s): [$wgo_sBfK]
WARNING: file compiler/simplCore/OccurAnal.hs, line 2714
  OccurAnal failed to rediscover join point(s): [$s$wfoldlM'_loop_sFxT]
WARNING: file compiler/simplCore/OccurAnal.hs, line 2714
  OccurAnal failed to rediscover join point(s): [$s$wfoldlM'_loop_sFos]
WARNING: file compiler/simplCore/OccurAnal.hs, line 2714
  OccurAnal failed to rediscover join point(s): [$wgo_sBfK]
WARNING: file compiler/simplCore/OccurAnal.hs, line 2714
  OccurAnal failed to rediscover join point(s): [$s$wfoldlM'_loop_sJ6v]
WARNING: file compiler/simplCore/OccurAnal.hs, line 2714
  OccurAnal failed to rediscover join point(s): [$w$j_sIYi]
WARNING: file compiler/simplCore/OccurAnal.hs, line 2714
  OccurAnal failed to rediscover join point(s): [$j2_sIEm]
WARNING: file compiler/simplCore/OccurAnal.hs, line 2714
  OccurAnal failed to rediscover join point(s): [$wloop_sIyn]
WARNING: file compiler/simplCore/OccurAnal.hs, line 2714
  OccurAnal failed to rediscover join point(s): [$j4_sIxW]
WARNING: file compiler/simplCore/OccurAnal.hs, line 2714
  OccurAnal failed to rediscover join point(s): [$j2_sIoP]
WARNING: file compiler/simplCore/OccurAnal.hs, line 2714
  OccurAnal failed to rediscover join point(s): [$s$wfoldlM'_loop_sInO]
WARNING: file compiler/simplCore/OccurAnal.hs, line 2714
  OccurAnal failed to rediscover join point(s): [$j2_sIiR]
WARNING: file compiler/simplCore/OccurAnal.hs, line 2714
  OccurAnal failed to rediscover join point(s): [$j2_sIfK]
WARNING: file compiler/simplCore/OccurAnal.hs, line 2714
  OccurAnal failed to rediscover join point(s): [$j2_sIcD]
WARNING: file compiler/simplCore/OccurAnal.hs, line 2714
  OccurAnal failed to rediscover join point(s): [$j2_sIb1]
WARNING: file compiler/simplCore/OccurAnal.hs, line 2714
  OccurAnal failed to rediscover join point(s): [$wgo_sI4v]
WARNING: file compiler/simplCore/OccurAnal.hs, line 2714
  OccurAnal failed to rediscover join point(s): [$j2_sI3r]
WARNING: file compiler/simplCore/OccurAnal.hs, line 2714
  OccurAnal failed to rediscover join point(s): [$j2_sI1T]
[ 8 of 10] Compiling Numeric.SpecFunctions.Extra ( Numeric/SpecFunctions/Extra.hs, dist/dist-sandbox-1351b966/build/Numeric/SpecFunctions/Extra.p_o )
WARNING: file compiler/simplCore/SimplCore.hs, line 706
  Simplifier bailing out after 4 iterations [296, 22, 50, 4]
    Size = {terms: 474, types: 109, coercions: 0, joins: 1/7}
[ 9 of 10] Compiling Numeric.SpecFunctions ( Numeric/SpecFunctions.hs, dist/dist-sandbox-1351b966/build/Numeric/SpecFunctions.p_o )
[10 of 10] Compiling Numeric.Sum      ( Numeric/Sum.hs, dist/dist-sandbox-1351b966/build/Numeric/Sum.p_o )

Numeric/Sum.hs:59:1: warning: [-Wunused-imports]
    The import of ‘Data.Vector.Generic.Mutable’ is redundant
      except perhaps to import instances from ‘Data.Vector.Generic.Mutable’
    To import instances alone, use: import Data.Vector.Generic.Mutable()
   |
59 | import Data.Vector.Generic.Mutable (MVector(..))
   | ^^^^^^^^^^^^^^^^^^^^^^^^^^^^^^^^^^^^^^^^^^^^^^^^
WARNING: file compiler/simplCore/SimplCore.hs, line 706
  Simplifier bailing out after 4 iterations [4449, 98, 17, 9]
    Size = {terms: 12,487,
            types: 17,558,
            coercions: 3,789,
            joins: 16/269}
WARNING: file compiler/simplCore/OccurAnal.hs, line 2714
  OccurAnal failed to rediscover join point(s): [$j_s12eO]
WARNING: file compiler/simplCore/OccurAnal.hs, line 2714
  OccurAnal failed to rediscover join point(s): [foldlM'_loop_a8SQ]
WARNING: file compiler/simplCore/OccurAnal.hs, line 2714
  OccurAnal failed to rediscover join point(s): [$wfoldlM'_loop_s166y,
                                                 foldlM'_loop_a8SQ]
WARNING: file compiler/simplCore/OccurAnal.hs, line 2714
  OccurAnal failed to rediscover join point(s): [$j_s16Kk]
WARNING: file compiler/simplCore/OccurAnal.hs, line 2714
  OccurAnal failed to rediscover join point(s): [$wfoldlM'_loop_s166y]
WARNING: file compiler/simplCore/OccurAnal.hs, line 2714
  OccurAnal failed to rediscover join point(s): [$j_s16KH]
WARNING: file compiler/simplCore/OccurAnal.hs, line 2714
  OccurAnal failed to rediscover join point(s): [$j_s16Kk]
WARNING: file compiler/simplCore/OccurAnal.hs, line 2714
  OccurAnal failed to rediscover join point(s): [$wfoldlM'_loop_s166y]
WARNING: file compiler/simplCore/OccurAnal.hs, line 2714
  OccurAnal failed to rediscover join point(s): [$j_s16KH]
WARNING: file compiler/simplCore/OccurAnal.hs, line 2714
  OccurAnal failed to rediscover join point(s): [$j_s16Kk]
WARNING: file compiler/simplCore/OccurAnal.hs, line 2714
  OccurAnal failed to rediscover join point(s): [$wfoldlM'_loop_s166y]
WARNING: file compiler/simplCore/OccurAnal.hs, line 2714
  OccurAnal failed to rediscover join point(s): [$j_s16KH]
WARNING: file compiler/simplCore/OccurAnal.hs, line 2714
  OccurAnal failed to rediscover join point(s): [$j_s16Kk]
WARNING: file compiler/simplCore/OccurAnal.hs, line 2714
  OccurAnal failed to rediscover join point(s): [$s$wfoldlM'_loop_s18KE,
                                                 $wfoldlM'_loop_s166y]
WARNING: file compiler/simplCore/OccurAnal.hs, line 2714
  OccurAnal failed to rediscover join point(s): [$j_s16KH]
WARNING: file compiler/simplCore/OccurAnal.hs, line 2714
  OccurAnal failed to rediscover join point(s): [$j_s16Kk]
WARNING: file compiler/simplCore/OccurAnal.hs, line 2714
  OccurAnal failed to rediscover join point(s): [$s$wfoldlM'_loop_s18KE]
WARNING: file compiler/simplCore/OccurAnal.hs, line 2714
  OccurAnal failed to rediscover join point(s): [$j_s16KH]
WARNING: file compiler/simplCore/OccurAnal.hs, line 2714
  OccurAnal failed to rediscover join point(s): [$j1_s1aLu]
WARNING: file compiler/simplCore/OccurAnal.hs, line 2714
  OccurAnal failed to rediscover join point(s): [$j1_s1aKO]
WARNING: file compiler/simplCore/OccurAnal.hs, line 2714
  OccurAnal failed to rediscover join point(s): [$s$wfoldlM'_loop_s1aL3]
cabal: Haddock's internal GHC version must match the configured GHC version.
The GHC version is 8.5.20180708 but haddock is using GHC version 7.10.3
Installing library in /Users/abhiroop/Haskell/polynomial/.cabal-sandbox/lib/x86_64-osx-ghc-8.5.20180708/math-functions-0.2.1.0-6ruP7S75CjzAJbiruZTtBm
cabal: Leaving directory '/var/folders/dl/rslctfrj4xl50jnzhtlxdfqr0000gn/T/cabal-tmp-29909/math-functions-0.2.1.0'
