cabal: Entering directory '/var/folders/dl/rslctfrj4xl50jnzhtlxdfqr0000gn/T/cabal-tmp-29909/monad-par-extras-0.3.3'
Configuring monad-par-extras-0.3.3...
Preprocessing library for monad-par-extras-0.3.3..
Building library for monad-par-extras-0.3.3..
[1 of 5] Compiling Control.Monad.Par.Combinator ( Control/Monad/Par/Combinator.hs, dist/dist-sandbox-1351b966/build/Control/Monad/Par/Combinator.o )

Control/Monad/Par/Combinator.hs:88:1: warning: [-Wtabs]
    Tab character found here, and in 24 further locations.
    Please use spaces instead.
   |
88 |         let mapred a b = do x <- fn b;
   | ^^^^^^^^
[2 of 5] Compiling Control.Monad.Par.AList ( Control/Monad/Par/AList.hs, dist/dist-sandbox-1351b966/build/Control/Monad/Par/AList.o )

Control/Monad/Par/AList.hs:59:1: warning: [-Wtabs]
    Tab character found here, and in 17 further locations.
    Please use spaces instead.
   |
59 |            return (fromList x)
   | ^^^^^^^^
[3 of 5] Compiling Control.Monad.Par.State ( Control/Monad/Par/State.hs, dist/dist-sandbox-1351b966/build/Control/Monad/Par/State.o )
[4 of 5] Compiling Control.Monad.Par.RNG ( Control/Monad/Par/RNG.hs, dist/dist-sandbox-1351b966/build/Control/Monad/Par/RNG.o )

Control/Monad/Par/RNG.hs:43:1: warning: [-Wtabs]
    Tab character found here, and in four further locations.
    Please use spaces instead.
   |
43 |                let (x,g') = random g 
   | ^^^^^^^^
[5 of 5] Compiling Control.Monad.Par.Pedigree ( Control/Monad/Par/Pedigree.hs, dist/dist-sandbox-1351b966/build/Control/Monad/Par/Pedigree.o )

Control/Monad/Par/Pedigree.hs:38:1: warning: [-Wtabs]
    Tab character found here.
    Please use spaces instead.
   |
38 |                  treePath    :: !BList }
   | ^^^^^^^^
[1 of 5] Compiling Control.Monad.Par.Combinator ( Control/Monad/Par/Combinator.hs, dist/dist-sandbox-1351b966/build/Control/Monad/Par/Combinator.p_o )

Control/Monad/Par/Combinator.hs:88:1: warning: [-Wtabs]
    Tab character found here, and in 24 further locations.
    Please use spaces instead.
   |
88 |         let mapred a b = do x <- fn b;
   | ^^^^^^^^
[2 of 5] Compiling Control.Monad.Par.AList ( Control/Monad/Par/AList.hs, dist/dist-sandbox-1351b966/build/Control/Monad/Par/AList.p_o )

Control/Monad/Par/AList.hs:59:1: warning: [-Wtabs]
    Tab character found here, and in 17 further locations.
    Please use spaces instead.
   |
59 |            return (fromList x)
   | ^^^^^^^^
[3 of 5] Compiling Control.Monad.Par.State ( Control/Monad/Par/State.hs, dist/dist-sandbox-1351b966/build/Control/Monad/Par/State.p_o )
[4 of 5] Compiling Control.Monad.Par.RNG ( Control/Monad/Par/RNG.hs, dist/dist-sandbox-1351b966/build/Control/Monad/Par/RNG.p_o )

Control/Monad/Par/RNG.hs:43:1: warning: [-Wtabs]
    Tab character found here, and in four further locations.
    Please use spaces instead.
   |
43 |                let (x,g') = random g 
   | ^^^^^^^^
[5 of 5] Compiling Control.Monad.Par.Pedigree ( Control/Monad/Par/Pedigree.hs, dist/dist-sandbox-1351b966/build/Control/Monad/Par/Pedigree.p_o )

Control/Monad/Par/Pedigree.hs:38:1: warning: [-Wtabs]
    Tab character found here.
    Please use spaces instead.
   |
38 |                  treePath    :: !BList }
   | ^^^^^^^^
cabal: Haddock's internal GHC version must match the configured GHC version.
The GHC version is 8.5.20180708 but haddock is using GHC version 7.10.3
Installing library in /Users/abhiroop/Haskell/polynomial/.cabal-sandbox/lib/x86_64-osx-ghc-8.5.20180708/monad-par-extras-0.3.3-LqIeTDkU2QDAjIzHdQibkv
cabal: Leaving directory '/var/folders/dl/rslctfrj4xl50jnzhtlxdfqr0000gn/T/cabal-tmp-29909/monad-par-extras-0.3.3'
