cabal: Entering directory '/var/folders/dl/rslctfrj4xl50jnzhtlxdfqr0000gn/T/cabal-tmp-29909/parallel-3.2.1.1'
Configuring parallel-3.2.1.1...
Preprocessing library for parallel-3.2.1.1..
Building library for parallel-3.2.1.1..
[1 of 3] Compiling Control.Parallel ( Control/Parallel.hs, dist/dist-sandbox-1351b966/build/Control/Parallel.o )
[2 of 3] Compiling Control.Seq      ( Control/Seq.hs, dist/dist-sandbox-1351b966/build/Control/Seq.o )
[3 of 3] Compiling Control.Parallel.Strategies ( Control/Parallel/Strategies.hs, dist/dist-sandbox-1351b966/build/Control/Parallel/Strategies.o )
WARNING: file compiler/simplCore/SimplCore.hs, line 1025
  Not shorting out: parList
WARNING: file compiler/simplCore/SimplCore.hs, line 1025
  Not shorting out: parList
WARNING: file compiler/simplCore/SimplCore.hs, line 1025
  Not shorting out: parList
WARNING: file compiler/simplCore/SimplCore.hs, line 1025
  Not shorting out: parList
WARNING: file compiler/simplCore/SimplCore.hs, line 1025
  Not shorting out: parList
WARNING: file compiler/simplCore/SimplCore.hs, line 1025
  Not shorting out: parList
WARNING: file compiler/simplCore/SimplCore.hs, line 1025
  Not shorting out: parList
WARNING: file compiler/simplCore/SimplCore.hs, line 1025
  Not shorting out: parList
WARNING: file compiler/simplCore/SimplCore.hs, line 1025
  Not shorting out: parList
WARNING: file compiler/simplCore/SimplCore.hs, line 1025
  Not shorting out: parList
WARNING: file compiler/simplCore/SimplCore.hs, line 1025
  Not shorting out: parList
WARNING: file compiler/stgSyn/CoreToStg.hs, line 328
  $fFunctorEval True False
WARNING: file compiler/stgSyn/CoreToStg.hs, line 328
  $fFunctorEval True False
[1 of 3] Compiling Control.Parallel ( Control/Parallel.hs, dist/dist-sandbox-1351b966/build/Control/Parallel.p_o )
[2 of 3] Compiling Control.Seq      ( Control/Seq.hs, dist/dist-sandbox-1351b966/build/Control/Seq.p_o )
[3 of 3] Compiling Control.Parallel.Strategies ( Control/Parallel/Strategies.hs, dist/dist-sandbox-1351b966/build/Control/Parallel/Strategies.p_o )
WARNING: file compiler/stgSyn/CoreToStg.hs, line 328
  $fFunctorEval True False
cabal: Haddock's internal GHC version must match the configured GHC version.
The GHC version is 8.5.20180708 but haddock is using GHC version 7.10.3
Installing library in /Users/abhiroop/Haskell/polynomial/.cabal-sandbox/lib/x86_64-osx-ghc-8.5.20180708/parallel-3.2.1.1-3o5TIWGFooFDYUZ1aMP5fW
cabal: Leaving directory '/var/folders/dl/rslctfrj4xl50jnzhtlxdfqr0000gn/T/cabal-tmp-29909/parallel-3.2.1.1'
