cabal: Entering directory '/var/folders/dl/rslctfrj4xl50jnzhtlxdfqr0000gn/T/cabal-tmp-29908/random-1.1'
Configuring random-1.1...
Preprocessing library for random-1.1..
Building library for random-1.1..
[1 of 1] Compiling System.Random    ( System/Random.hs, dist/dist-sandbox-1351b966/build/System/Random.o )

System/Random.hs:43:1: warning: [-Wtabs]
    Tab character found here, and in 74 further locations.
    Please use spaces instead.
   |
43 |         (
   | ^^^^^^^^
WARNING: file compiler/simplCore/OccurAnal.hs, line 73
  Glomming in System.Random: [sb4k :->, sb4v :->]
WARNING: file compiler/simplCore/OccurAnal.hs, line 73
  Glomming in System.Random: [sb39 :->, sb3N :->]
WARNING: file compiler/stranal/WorkWrap.hs, line 495
  $crandomR_a894 3
                 [<L,U>]
WARNING: file compiler/stranal/WorkWrap.hs, line 495
  $crandomR_a85V 3
                 [<L,U>]
WARNING: file compiler/stranal/WorkWrap.hs, line 495
  $crandomR_a872 3
                 [<L,U>]
WARNING: file compiler/stranal/WorkWrap.hs, line 495
  $crandomR_a850 3
                 [<L,U>]
WARNING: file compiler/simplCore/OccurAnal.hs, line 73
  Glomming in System.Random: [sb74 :->]
[1 of 1] Compiling System.Random    ( System/Random.hs, dist/dist-sandbox-1351b966/build/System/Random.p_o )

System/Random.hs:43:1: warning: [-Wtabs]
    Tab character found here, and in 74 further locations.
    Please use spaces instead.
   |
43 |         (
   | ^^^^^^^^
WARNING: file compiler/simplCore/OccurAnal.hs, line 73
  Glomming in System.Random: [saWE :->, saWP :->]
WARNING: file compiler/simplCore/OccurAnal.hs, line 73
  Glomming in System.Random: [saVt :->, saW7 :->]
WARNING: file compiler/stranal/WorkWrap.hs, line 495
  $crandomR_a894 3
                 [<L,U>]
WARNING: file compiler/stranal/WorkWrap.hs, line 495
  $crandomR_a85V 3
                 [<L,U>]
WARNING: file compiler/stranal/WorkWrap.hs, line 495
  $crandomR_a872 3
                 [<L,U>]
WARNING: file compiler/stranal/WorkWrap.hs, line 495
  $crandomR_a850 3
                 [<L,U>]
WARNING: file compiler/simplCore/OccurAnal.hs, line 73
  Glomming in System.Random: [saZo :->]
cabal: Haddock's internal GHC version must match the configured GHC version.
The GHC version is 8.5.20180708 but haddock is using GHC version 7.10.3
Installing library in /Users/abhiroop/Haskell/polynomial/.cabal-sandbox/lib/x86_64-osx-ghc-8.5.20180708/random-1.1-H065rA34xiIE0xfud08DCY
cabal: Leaving directory '/var/folders/dl/rslctfrj4xl50jnzhtlxdfqr0000gn/T/cabal-tmp-29908/random-1.1'
