cabal: Entering directory '/var/folders/dl/rslctfrj4xl50jnzhtlxdfqr0000gn/T/cabal-tmp-29909/semigroups-0.18.4'
Configuring semigroups-0.18.4...
Preprocessing library for semigroups-0.18.4..
Building library for semigroups-0.18.4..
[1 of 1] Compiling Data.Semigroup.Generic ( src/Data/Semigroup/Generic.hs, dist/dist-sandbox-1351b966/build/Data/Semigroup/Generic.o )

src/Data/Semigroup/Generic.hs:30:1: warning: [-Wunused-imports]
    The import of ‘Data.Semigroup’ is redundant
      except perhaps to import instances from ‘Data.Semigroup’
    To import instances alone, use: import Data.Semigroup()
   |
30 | import Data.Semigroup
   | ^^^^^^^^^^^^^^^^^^^^^
[1 of 1] Compiling Data.Semigroup.Generic ( src/Data/Semigroup/Generic.hs, dist/dist-sandbox-1351b966/build/Data/Semigroup/Generic.p_o )

src/Data/Semigroup/Generic.hs:30:1: warning: [-Wunused-imports]
    The import of ‘Data.Semigroup’ is redundant
      except perhaps to import instances from ‘Data.Semigroup’
    To import instances alone, use: import Data.Semigroup()
   |
30 | import Data.Semigroup
   | ^^^^^^^^^^^^^^^^^^^^^
cabal: Haddock's internal GHC version must match the configured GHC version.
The GHC version is 8.5.20180708 but haddock is using GHC version 7.10.3
Installing library in /Users/abhiroop/Haskell/polynomial/.cabal-sandbox/lib/x86_64-osx-ghc-8.5.20180708/semigroups-0.18.4-GQs0sRwlmPaLZ8HhjjX1Gf
cabal: Leaving directory '/var/folders/dl/rslctfrj4xl50jnzhtlxdfqr0000gn/T/cabal-tmp-29909/semigroups-0.18.4'
