cabal: Entering directory '/var/folders/dl/rslctfrj4xl50jnzhtlxdfqr0000gn/T/cabal-tmp-29909/text-short-0.1.2'
Configuring text-short-0.1.2...
Preprocessing library for text-short-0.1.2..
Building library for text-short-0.1.2..
[1 of 5] Compiling PrimOps          ( src-ghc804/PrimOps.hs, dist/dist-sandbox-1351b966/build/PrimOps.o )
[2 of 5] Compiling Data.Text.Short.Internal ( src/Data/Text/Short/Internal.hs, dist/dist-sandbox-1351b966/build/Data/Text/Short/Internal.o )
WARNING: file compiler/simplCore/OccurAnal.hs, line 73
  Glomming in Data.Text.Short.Internal: [sflX :-> Once]
WARNING: file compiler/simplCore/SimplCore.hs, line 706
  Simplifier bailing out after 4 iterations [3669, 281, 80, 15]
    Size = {terms: 7,708,
            types: 7,179,
            coercions: 1,182,
            joins: 34/153}
[3 of 5] Compiling Data.Text.Short.Unsafe ( src/Data/Text/Short/Unsafe.hs, dist/dist-sandbox-1351b966/build/Data/Text/Short/Unsafe.o )
[4 of 5] Compiling Data.Text.Short  ( src/Data/Text/Short.hs, dist/dist-sandbox-1351b966/build/Data/Text/Short.o )
[5 of 5] Compiling Data.Text.Short.Partial ( src/Data/Text/Short/Partial.hs, dist/dist-sandbox-1351b966/build/Data/Text/Short/Partial.o )
[1 of 5] Compiling PrimOps          ( src-ghc804/PrimOps.hs, dist/dist-sandbox-1351b966/build/PrimOps.p_o )
[2 of 5] Compiling Data.Text.Short.Internal ( src/Data/Text/Short/Internal.hs, dist/dist-sandbox-1351b966/build/Data/Text/Short/Internal.p_o )
WARNING: file compiler/simplCore/OccurAnal.hs, line 73
  Glomming in Data.Text.Short.Internal: [sfly :-> Once]
WARNING: file compiler/simplCore/OccurAnal.hs, line 2714
  OccurAnal failed to rediscover join point(s): [$j_sgDT]
WARNING: file compiler/simplCore/SimplCore.hs, line 706
  Simplifier bailing out after 4 iterations [3669, 280, 80, 20]
    Size = {terms: 7,740,
            types: 7,082,
            coercions: 1,168,
            joins: 32/152}
WARNING: file compiler/simplCore/OccurAnal.hs, line 2714
  OccurAnal failed to rediscover join point(s): [go_sff8]
WARNING: file compiler/simplCore/OccurAnal.hs, line 2714
  OccurAnal failed to rediscover join point(s): [$j_sigG]
WARNING: file compiler/simplCore/OccurAnal.hs, line 2714
  OccurAnal failed to rediscover join point(s): [go_sff8]
WARNING: file compiler/simplCore/OccurAnal.hs, line 2714
  OccurAnal failed to rediscover join point(s): [go_sff8]
WARNING: file compiler/simplCore/OccurAnal.hs, line 2714
  OccurAnal failed to rediscover join point(s): [$wgo_sj9z, go_sff8]
WARNING: file compiler/simplCore/OccurAnal.hs, line 2714
  OccurAnal failed to rediscover join point(s): [$wgo_sja1]
WARNING: file compiler/simplCore/OccurAnal.hs, line 2714
  OccurAnal failed to rediscover join point(s): [$w$j_sj9V]
WARNING: file compiler/simplCore/OccurAnal.hs, line 2714
  OccurAnal failed to rediscover join point(s): [$wgo_sj9z]
WARNING: file compiler/simplCore/OccurAnal.hs, line 2714
  OccurAnal failed to rediscover join point(s): [$j_sjo6]
WARNING: file compiler/simplCore/OccurAnal.hs, line 2714
  OccurAnal failed to rediscover join point(s): [$wgo_sj9m]
WARNING: file compiler/simplCore/OccurAnal.hs, line 2714
  OccurAnal failed to rediscover join point(s): [$j_silV]
WARNING: file compiler/simplCore/OccurAnal.hs, line 2714
  OccurAnal failed to rediscover join point(s): [$wgo_sj9f]
WARNING: file compiler/simplCore/OccurAnal.hs, line 2714
  OccurAnal failed to rediscover join point(s): [$w$j_sj99]
WARNING: file compiler/simplCore/OccurAnal.hs, line 2714
  OccurAnal failed to rediscover join point(s): [$wgo_sj8R]
WARNING: file compiler/simplCore/OccurAnal.hs, line 2714
  OccurAnal failed to rediscover join point(s): [$wgo_sj8E]
WARNING: file compiler/simplCore/OccurAnal.hs, line 2714
  OccurAnal failed to rediscover join point(s): [$wgo_sj8l]
WARNING: file compiler/simplCore/OccurAnal.hs, line 2714
  OccurAnal failed to rediscover join point(s): [$wgo_sj6V]
WARNING: file compiler/simplCore/OccurAnal.hs, line 2714
  OccurAnal failed to rediscover join point(s): [$wgo_sj6n]
WARNING: file compiler/simplCore/OccurAnal.hs, line 2714
  OccurAnal failed to rediscover join point(s): [$wgo_sj4e]
WARNING: file compiler/simplCore/OccurAnal.hs, line 2714
  OccurAnal failed to rediscover join point(s): [$j_sgTA]
WARNING: file compiler/simplCore/OccurAnal.hs, line 2714
  OccurAnal failed to rediscover join point(s): [$wgo_sja1]
WARNING: file compiler/simplCore/OccurAnal.hs, line 2714
  OccurAnal failed to rediscover join point(s): [$w$j_sj9V]
WARNING: file compiler/simplCore/OccurAnal.hs, line 2714
  OccurAnal failed to rediscover join point(s): [$wgo_sj9z]
WARNING: file compiler/simplCore/OccurAnal.hs, line 2714
  OccurAnal failed to rediscover join point(s): [$j_sjo6]
WARNING: file compiler/simplCore/OccurAnal.hs, line 2714
  OccurAnal failed to rediscover join point(s): [$wgo_sj9m]
WARNING: file compiler/simplCore/OccurAnal.hs, line 2714
  OccurAnal failed to rediscover join point(s): [$j_silV]
WARNING: file compiler/simplCore/OccurAnal.hs, line 2714
  OccurAnal failed to rediscover join point(s): [$wgo_sj9f]
WARNING: file compiler/simplCore/OccurAnal.hs, line 2714
  OccurAnal failed to rediscover join point(s): [$w$j_sj99]
WARNING: file compiler/simplCore/OccurAnal.hs, line 2714
  OccurAnal failed to rediscover join point(s): [$wgo_sj8R]
WARNING: file compiler/simplCore/OccurAnal.hs, line 2714
  OccurAnal failed to rediscover join point(s): [$wgo_sj8E]
WARNING: file compiler/simplCore/OccurAnal.hs, line 2714
  OccurAnal failed to rediscover join point(s): [$wgo_sj8l]
WARNING: file compiler/simplCore/OccurAnal.hs, line 2714
  OccurAnal failed to rediscover join point(s): [$wgo_sj6V]
WARNING: file compiler/simplCore/OccurAnal.hs, line 2714
  OccurAnal failed to rediscover join point(s): [$wgo_sj6n]
WARNING: file compiler/simplCore/OccurAnal.hs, line 2714
  OccurAnal failed to rediscover join point(s): [$wgo_sj4e]
WARNING: file compiler/simplCore/OccurAnal.hs, line 2714
  OccurAnal failed to rediscover join point(s): [$j_sgTA]
WARNING: file compiler/simplCore/OccurAnal.hs, line 2714
  OccurAnal failed to rediscover join point(s): [$wgo_sja1]
WARNING: file compiler/simplCore/OccurAnal.hs, line 2714
  OccurAnal failed to rediscover join point(s): [$w$j_sj9V]
WARNING: file compiler/simplCore/OccurAnal.hs, line 2714
  OccurAnal failed to rediscover join point(s): [$wgo_sj9z]
WARNING: file compiler/simplCore/OccurAnal.hs, line 2714
  OccurAnal failed to rediscover join point(s): [exit_X4o]
WARNING: file compiler/simplCore/OccurAnal.hs, line 2714
  OccurAnal failed to rediscover join point(s): [exit_X4p]
WARNING: file compiler/simplCore/OccurAnal.hs, line 2714
  OccurAnal failed to rediscover join point(s): [$wgo_sj9m]
WARNING: file compiler/simplCore/OccurAnal.hs, line 2714
  OccurAnal failed to rediscover join point(s): [exit_X4n]
WARNING: file compiler/simplCore/OccurAnal.hs, line 2714
  OccurAnal failed to rediscover join point(s): [$wgo_sj9f]
WARNING: file compiler/simplCore/OccurAnal.hs, line 2714
  OccurAnal failed to rediscover join point(s): [$w$j_sj99]
WARNING: file compiler/simplCore/OccurAnal.hs, line 2714
  OccurAnal failed to rediscover join point(s): [$wgo_sj8R]
WARNING: file compiler/simplCore/OccurAnal.hs, line 2714
  OccurAnal failed to rediscover join point(s): [$wgo_sj8E]
WARNING: file compiler/simplCore/OccurAnal.hs, line 2714
  OccurAnal failed to rediscover join point(s): [$wgo_sj8l]
WARNING: file compiler/simplCore/OccurAnal.hs, line 2714
  OccurAnal failed to rediscover join point(s): [$wgo_sj6V]
WARNING: file compiler/simplCore/OccurAnal.hs, line 2714
  OccurAnal failed to rediscover join point(s): [$wgo_sj6n]
WARNING: file compiler/simplCore/OccurAnal.hs, line 2714
  OccurAnal failed to rediscover join point(s): [$wgo_sj4e]
WARNING: file compiler/simplCore/OccurAnal.hs, line 2714
  OccurAnal failed to rediscover join point(s): [exit_X4k]
WARNING: file compiler/simplCore/OccurAnal.hs, line 2714
  OccurAnal failed to rediscover join point(s): [exit_X4p]
WARNING: file compiler/simplCore/OccurAnal.hs, line 2714
  OccurAnal failed to rediscover join point(s): [$j_sgTA]
WARNING: file compiler/simplCore/OccurAnal.hs, line 2714
  OccurAnal failed to rediscover join point(s): [$wgo_sj8l]
WARNING: file compiler/simplCore/OccurAnal.hs, line 2714
  OccurAnal failed to rediscover join point(s): [$wgo_sj9m]
WARNING: file compiler/simplCore/OccurAnal.hs, line 2714
  OccurAnal failed to rediscover join point(s): [exit_X4n]
WARNING: file compiler/simplCore/OccurAnal.hs, line 2714
  OccurAnal failed to rediscover join point(s): [$wgo_sj9f]
WARNING: file compiler/simplCore/OccurAnal.hs, line 2714
  OccurAnal failed to rediscover join point(s): [$w$j_sj99]
WARNING: file compiler/simplCore/OccurAnal.hs, line 2714
  OccurAnal failed to rediscover join point(s): [$wgo_sj8R]
WARNING: file compiler/simplCore/OccurAnal.hs, line 2714
  OccurAnal failed to rediscover join point(s): [$wgo_sj8E]
WARNING: file compiler/simplCore/OccurAnal.hs, line 2714
  OccurAnal failed to rediscover join point(s): [$wgo_sj6n]
WARNING: file compiler/simplCore/OccurAnal.hs, line 2714
  OccurAnal failed to rediscover join point(s): [$wgo_sj6V]
WARNING: file compiler/simplCore/OccurAnal.hs, line 2714
  OccurAnal failed to rediscover join point(s): [$j_sgTA]
WARNING: file compiler/simplCore/OccurAnal.hs, line 2714
  OccurAnal failed to rediscover join point(s): [$wgo_sj4e]
WARNING: file compiler/simplCore/OccurAnal.hs, line 2714
  OccurAnal failed to rediscover join point(s): [exit_X4k]
WARNING: file compiler/simplCore/OccurAnal.hs, line 2714
  OccurAnal failed to rediscover join point(s): [exit_X4p]
WARNING: file compiler/simplCore/OccurAnal.hs, line 2714
  OccurAnal failed to rediscover join point(s): [$wgo_sj8l]
WARNING: file compiler/simplCore/OccurAnal.hs, line 2714
  OccurAnal failed to rediscover join point(s): [$wgo_sj9m]
WARNING: file compiler/simplCore/OccurAnal.hs, line 2714
  OccurAnal failed to rediscover join point(s): [exit_X4n]
WARNING: file compiler/simplCore/OccurAnal.hs, line 2714
  OccurAnal failed to rediscover join point(s): [$wgo_sj9f]
WARNING: file compiler/simplCore/OccurAnal.hs, line 2714
  OccurAnal failed to rediscover join point(s): [$w$j_sj99]
WARNING: file compiler/simplCore/OccurAnal.hs, line 2714
  OccurAnal failed to rediscover join point(s): [$wgo_sj8R]
WARNING: file compiler/simplCore/OccurAnal.hs, line 2714
  OccurAnal failed to rediscover join point(s): [$wgo_sj8E]
WARNING: file compiler/simplCore/OccurAnal.hs, line 2714
  OccurAnal failed to rediscover join point(s): [$wgo_sj6n]
WARNING: file compiler/simplCore/OccurAnal.hs, line 2714
  OccurAnal failed to rediscover join point(s): [$wgo_sj6V]
WARNING: file compiler/simplCore/OccurAnal.hs, line 2714
  OccurAnal failed to rediscover join point(s): [$j_sgTA]
WARNING: file compiler/simplCore/OccurAnal.hs, line 2714
  OccurAnal failed to rediscover join point(s): [$wgo_sj4e]
WARNING: file compiler/simplCore/OccurAnal.hs, line 2714
  OccurAnal failed to rediscover join point(s): [exit1_X4k]
WARNING: file compiler/simplCore/OccurAnal.hs, line 2714
  OccurAnal failed to rediscover join point(s): [exit_X4p]
WARNING: file compiler/simplCore/OccurAnal.hs, line 2714
  OccurAnal failed to rediscover join point(s): [$wgo_skYN]
WARNING: file compiler/simplCore/OccurAnal.hs, line 2714
  OccurAnal failed to rediscover join point(s): [$w$j_skWc]
WARNING: file compiler/simplCore/OccurAnal.hs, line 2714
  OccurAnal failed to rediscover join point(s): [$wgo_skYp]
WARNING: file compiler/simplCore/OccurAnal.hs, line 2714
  OccurAnal failed to rediscover join point(s): [exit1_skYo]
WARNING: file compiler/simplCore/OccurAnal.hs, line 2714
  OccurAnal failed to rediscover join point(s): [exit_skYk]
WARNING: file compiler/simplCore/OccurAnal.hs, line 2714
  OccurAnal failed to rediscover join point(s): [$wgo_skVC]
WARNING: file compiler/simplCore/OccurAnal.hs, line 2714
  OccurAnal failed to rediscover join point(s): [exit_skUR]
WARNING: file compiler/simplCore/OccurAnal.hs, line 2714
  OccurAnal failed to rediscover join point(s): [$wgo_skVd]
WARNING: file compiler/simplCore/OccurAnal.hs, line 2714
  OccurAnal failed to rediscover join point(s): [$w$j_skUT]
WARNING: file compiler/simplCore/OccurAnal.hs, line 2714
  OccurAnal failed to rediscover join point(s): [$wgo_skUh]
WARNING: file compiler/simplCore/OccurAnal.hs, line 2714
  OccurAnal failed to rediscover join point(s): [$wgo_skTq]
WARNING: file compiler/simplCore/OccurAnal.hs, line 2714
  OccurAnal failed to rediscover join point(s): [$wgo_skSR]
WARNING: file compiler/simplCore/OccurAnal.hs, line 2714
  OccurAnal failed to rediscover join point(s): [$wgo_skON]
WARNING: file compiler/simplCore/OccurAnal.hs, line 2714
  OccurAnal failed to rediscover join point(s): [$wgo_skMU]
WARNING: file compiler/simplCore/OccurAnal.hs, line 2714
  OccurAnal failed to rediscover join point(s): [$wgo_skCz]
WARNING: file compiler/simplCore/OccurAnal.hs, line 2714
  OccurAnal failed to rediscover join point(s): [exit1_skCy]
WARNING: file compiler/simplCore/OccurAnal.hs, line 2714
  OccurAnal failed to rediscover join point(s): [exit_skCr]
WARNING: file compiler/simplCore/OccurAnal.hs, line 2714
  OccurAnal failed to rediscover join point(s): [$j_skC1]
[3 of 5] Compiling Data.Text.Short.Unsafe ( src/Data/Text/Short/Unsafe.hs, dist/dist-sandbox-1351b966/build/Data/Text/Short/Unsafe.p_o )
[4 of 5] Compiling Data.Text.Short  ( src/Data/Text/Short.hs, dist/dist-sandbox-1351b966/build/Data/Text/Short.p_o )
[5 of 5] Compiling Data.Text.Short.Partial ( src/Data/Text/Short/Partial.hs, dist/dist-sandbox-1351b966/build/Data/Text/Short/Partial.p_o )
cabal: Haddock's internal GHC version must match the configured GHC version.
The GHC version is 8.5.20180708 but haddock is using GHC version 7.10.3
Installing library in /Users/abhiroop/Haskell/polynomial/.cabal-sandbox/lib/x86_64-osx-ghc-8.5.20180708/text-short-0.1.2-2V167tzP7PSCHRqXSSKjTl
cabal: Leaving directory '/var/folders/dl/rslctfrj4xl50jnzhtlxdfqr0000gn/T/cabal-tmp-29909/text-short-0.1.2'
