cabal: Entering directory '/var/folders/dl/rslctfrj4xl50jnzhtlxdfqr0000gn/T/cabal-tmp-29909/th-abstraction-0.2.6.0'
Configuring th-abstraction-0.2.6.0...
Preprocessing library for th-abstraction-0.2.6.0..
Building library for th-abstraction-0.2.6.0..
[1 of 2] Compiling Language.Haskell.TH.Datatype.Internal ( src/Language/Haskell/TH/Datatype/Internal.hs, dist/dist-sandbox-1351b966/build/Language/Haskell/TH/Datatype/Internal.o )
[2 of 2] Compiling Language.Haskell.TH.Datatype ( src/Language/Haskell/TH/Datatype.hs, dist/dist-sandbox-1351b966/build/Language/Haskell/TH/Datatype.o )
WARNING: file compiler/simplCore/OccurAnal.hs, line 73
  Glomming in Language.Haskell.TH.Datatype:
    [skfT :->, skiz :->, skkL :->, skkS :-> OnceL!]
[1 of 2] Compiling Language.Haskell.TH.Datatype.Internal ( src/Language/Haskell/TH/Datatype/Internal.hs, dist/dist-sandbox-1351b966/build/Language/Haskell/TH/Datatype/Internal.p_o )
[2 of 2] Compiling Language.Haskell.TH.Datatype ( src/Language/Haskell/TH/Datatype.hs, dist/dist-sandbox-1351b966/build/Language/Haskell/TH/Datatype.p_o )
WARNING: file compiler/simplCore/OccurAnal.hs, line 73
  Glomming in Language.Haskell.TH.Datatype:
    [skgb :->, skiR :->, skl3 :->, skla :-> OnceL!]
WARNING: file compiler/simplCore/OccurAnal.hs, line 2714
  OccurAnal failed to rediscover join point(s): [go_aiMW]
WARNING: file compiler/simplCore/OccurAnal.hs, line 2714
  OccurAnal failed to rediscover join point(s): [$j_sq63]
WARNING: file compiler/simplCore/OccurAnal.hs, line 2714
  OccurAnal failed to rediscover join point(s): [go_aiMW]
WARNING: file compiler/simplCore/OccurAnal.hs, line 2714
  OccurAnal failed to rediscover join point(s): [go_aiMW]
WARNING: file compiler/simplCore/OccurAnal.hs, line 2714
  OccurAnal failed to rediscover join point(s): [$j_sq63]
WARNING: file compiler/simplCore/OccurAnal.hs, line 2714
  OccurAnal failed to rediscover join point(s): [go_aiMW]
WARNING: file compiler/simplCore/OccurAnal.hs, line 2714
  OccurAnal failed to rediscover join point(s): [$j_sq63]
WARNING: file compiler/simplCore/OccurAnal.hs, line 2714
  OccurAnal failed to rediscover join point(s): [$j_sq63]
WARNING: file compiler/simplCore/OccurAnal.hs, line 2714
  OccurAnal failed to rediscover join point(s): [$j_stre]
cabal: Haddock's internal GHC version must match the configured GHC version.
The GHC version is 8.5.20180708 but haddock is using GHC version 7.10.3
Installing library in /Users/abhiroop/Haskell/polynomial/.cabal-sandbox/lib/x86_64-osx-ghc-8.5.20180708/th-abstraction-0.2.6.0-GYhTSO9L1oJEJc7QrNzAfA
cabal: Leaving directory '/var/folders/dl/rslctfrj4xl50jnzhtlxdfqr0000gn/T/cabal-tmp-29909/th-abstraction-0.2.6.0'
